INFO - [♥] Lovely 0.7.1
INFO - [♥] Game directory is at "C:\\Balatro.v1.0.1o\\Balatro"
INFO - [♥] Writing logs to "C:\\Users\\LENOVO LEGION\\AppData\\Roaming\\Balatro\\Mods\\lovely\\log"
INFO - [♥] Using mod directory at "C:\\Users\\LENOVO LEGION\\AppData\\Roaming\\Balatro\\Mods"
INFO - [♥] Found .lovelyignore in 'DVSettings', skipping it.
INFO - [♥] Found .lovelyignore in 'DVSimulate', skipping it.
WARN - [♥] Unknown key `patches.17.?.match_indent` found in patch file at "C:\\Users\\LENOVO LEGION\\AppData\\Roaming\\Balatro\\Mods\\HandyBalatro\\lovely.toml", ignoring it
WARN - [♥] Unknown key `patches.17.?.overwrite` found in patch file at "C:\\Users\\LENOVO LEGION\\AppData\\Roaming\\Balatro\\Mods\\HandyBalatro\\lovely.toml", ignoring it
INFO - [♥] Cleaning up dumps directory at "C:\\Users\\LENOVO LEGION\\AppData\\Roaming\\Balatro\\Mods\\lovely\\dump"
INFO - [♥] Initialization complete in 56ms
INFO - [♥] Applied 21 patches to 'main.lua'
INFO - [♥] Applied 6 patches to 'engine/controller.lua'
INFO - [♥] Applied 15 patches to 'back.lua'
INFO - [♥] Applied 7 patches to 'tag.lua'
INFO - [♥] Applied 2 patches to 'engine/moveable.lua'
INFO - [♥] Applied 2 patches to 'engine/sprite.lua'
INFO - [♥] Applied 2 patches to 'engine/animatedsprite.lua'
INFO - [♥] Applied 47 patches to 'functions/misc_functions.lua'
INFO - [♥] Applied 38 patches to 'game.lua'
INFO - [♥] Applied 2 patches to 'globals.lua'
INFO - [♥] Applied 3 patches to 'engine/ui.lua'
INFO - [♥] Applied 76 patches to 'functions/UI_definitions.lua'
INFO - [♥] Applied 44 patches to 'functions/state_events.lua'
INFO - [♥] Applied 105 patches to 'functions/common_events.lua'
INFO - [♥] Applied 49 patches to 'functions/button_callbacks.lua'
WARN - [♥] Pattern '*then G.E_MANAGER:add_event(Event({ func = function() G.GAME.blind:set_blind(nil, true, nil); return true end })) end' on target 'card.lua' for pattern patch from smods-main\lovely\calculate_card_added.toml resulted in 2 matches, wanted 1
WARN - [♥] Ignoring excess matches
INFO - [♥] Applied 159 patches to 'card.lua'
INFO - [♥] Applied 9 patches to 'cardarea.lua'
INFO - [♥] Applied 36 patches to 'blind.lua'
INFO - [♥] Applied 2 patches to 'engine/text.lua'
INFO - [G] Failed to connect to the debug server
INFO - [G] 2025-04-12 14:32:11 :: DEBUG :: DebugConsole :: Steamodded Debug Socket started !
INFO - [G] 2025-04-12 14:32:11 :: INFO  :: SMODS :: Steamodded v1.0.0~BETA-0410b
INFO - [♥] Applied 9 patches to 'engine/sound_manager.lua'
INFO - [♥] Applied 1 patch to 'engine/save_manager.lua'
INFO - [G] 2025-04-12 14:32:13 :: INFO  :: Loader :: Valid JSON file found
INFO - [G] 2025-04-12 14:32:13 :: TRACE :: Loader :: Processing Mod file (Legacy header): steamodded.lua
INFO - [G] 2025-04-12 14:32:13 :: WARN  :: Loader :: Duplicate Mod ID: Handy
INFO - [G] 2025-04-12 14:32:13 :: TRACE :: Loader :: Processing Mod file (Legacy header): main.lua
INFO - [G] 2025-04-12 14:32:13 :: TRACE :: Loader :: Saving Mod Info: balatro-safety
INFO - [G] 2025-04-12 14:32:13 :: INFO  :: TIMER :: [0000] Injected Language in 0.002 ms
INFO - [G] 2025-04-12 14:32:13 :: INFO  :: TIMER :: [0000] Injected [INTERNAL] in 1.054 ms
INFO - [G] 2025-04-12 14:32:13 :: INFO  :: TIMER :: [0003] Injected Atlas in 411.973 ms
INFO - [G] 2025-04-12 14:32:13 :: INFO  :: TIMER :: [0001] Injected Sound in 1.464 ms
INFO - [G] 2025-04-12 14:32:13 :: INFO  :: TIMER :: [0008] Injected Stake in 0.277 ms
INFO - [G] 2025-04-12 14:32:13 :: INFO  :: TIMER :: [0004] Injected Rarity in 0.017 ms
INFO - [G] 2025-04-12 14:32:13 :: INFO  :: TIMER :: [0004] Injected ObjectType in 0.106 ms
INFO - [G] 2025-04-12 14:32:13 :: INFO  :: TIMER :: [0049] Injected Center in 0.693 ms
INFO - [G] 2025-04-12 14:32:13 :: INFO  :: TIMER :: [0007] Injected Undiscovered Sprite in 0.038 ms
INFO - [G] 2025-04-12 14:32:13 :: INFO  :: TIMER :: [0002] Injected Blind in 0.027 ms
INFO - [G] 2025-04-12 14:32:13 :: INFO  :: TIMER :: [0004] Injected Seal in 0.510 ms
INFO - [G] 2025-04-12 14:32:13 :: INFO  :: TIMER :: [0004] Injected Suit in 0.324 ms
INFO - [G] 2025-04-12 14:32:13 :: INFO  :: TIMER :: [0013] Injected Rank in 0.187 ms
INFO - [G] 2025-04-12 14:32:13 :: INFO  :: TIMER :: [0028] Injected DeckSkin in 0.281 ms
INFO - [G] 2025-04-12 14:32:13 :: INFO  :: TIMER :: [0012] Injected PokerHand in 0.139 ms
INFO - [G] 2025-04-12 14:32:13 :: INFO  :: TIMER :: [0020] Injected Challenge in 0.204 ms
INFO - [G] 2025-04-12 14:32:13 :: INFO  :: TIMER :: [0000] Injected Tag in 0.007 ms
INFO - [G] 2025-04-12 14:32:13 :: INFO  :: TIMER :: [0004] Injected Sticker in 0.322 ms
INFO - [G] 2025-04-12 14:32:13 :: INFO  :: TIMER :: [0000] Injected Shader in 0.005 ms
INFO - [G] 2025-04-12 14:32:13 :: INFO  :: TIMER :: [0002] Injected Keybind in 0.043 ms
INFO - [G] 2025-04-12 14:32:13 :: INFO  :: TIMER :: [0000] Injected Achievement in 0.135 ms
INFO - [G] 2025-04-12 14:32:13 :: INFO  :: TIMER :: [0002] Injected nil in 0.028 ms
INFO - [G] 2025-04-12 14:32:13 :: INFO  :: TIMER :: [0021] Injected Draw Step in 0.303 ms
INFO - [G] 2025-04-12 14:32:13 :: INFO  :: TIMER :: [0000] Injected [INTERNAL] in 0.579 ms
INFO - [G] line not found
INFO - [G] file not found: main.lua: No such file or directory
INFO - [G] file not found: main.lua: No such file or directory
INFO - [G] file not found: main.lua: No such file or directory
INFO - [G] 2025-04-12 14:32:14 :: ERROR :: StackTrace :: Oops! The game crashed
globals.lua:560: Divvy's Preview requires Divvy's Setting tools; re-install Divvy's Preview mod and double-check that there is a 'DVSettings' folder
Stack Traceback
===============
(1) Lua local 'handler' at file 'main.lua:612'
	Local variables:
	 msg = string: "globals.lua:560: Divvy's Preview requires Divvy's Setting tools; re-install Divvy's Preview mod and double-check that there is a 'DVSettings' folder"
	 (*temporary) = Lua function '?' (defined at line 31 of chunk [SMODS _ "src/logging.lua"])
	 (*temporary) = string: "Oops! The game crashed\
"
(2) LÖVE function at file 'boot.lua:352' (best guess)
	Local variables:
	 errhand = Lua function '?' (defined at line 598 of chunk main.lua)
	 handler = Lua function '?' (defined at line 598 of chunk main.lua)
(3) global C function 'error'
(4) Lua method 'start_up' at file 'globals.lua:560'
	Local variables:
	 self = table: 0x2e65d118  {F_GUIDE:false, F_CRASH_REPORTS:false, F_QUIT_BUTTON:true, F_ENGLISH_ONLY:false, F_DISCORD:true, STAGE:1, F_MOBILE_UI:false, F_NO_SAVING:false (more...)}
(5) Lua field 'load' at file 'main.lua:948'
(6) Lua function '?' at file 'main.lua:895' (best guess)
(7) global C function 'xpcall'
(8) LÖVE function at file 'boot.lua:368' (best guess)
	Local variables:
	 result = boolean: true
	 main = nil
(9) global C function 'xpcall'
(10) LÖVE function at file 'boot.lua:377' (best guess)
	Local variables:
	 func = Lua function '(LÖVE Function)' (defined at line 355 of chunk [love "boot.lua"])
	 inerror = boolean: true
	 deferErrhand = Lua function '(LÖVE Function)' (defined at line 348 of chunk [love "boot.lua"])
	 earlyinit = Lua function '(LÖVE Function)' (defined at line 355 of chunk [love "boot.lua"])

INFO - [G] file not found: main.lua: No such file or directory
INFO - [G] 2025-04-12 14:32:14 :: INFO  :: StackTrace :: Additional Context:
Balatro Version: 1.0.1o-FULL
Modded Version: 1.0.0~BETA-0410b-STEAMODDED
LÖVE Version: 11.5.0
Lovely Version: 0.7.1
Platform: Windows
Steamodded Mods:
    1: Balatro Safety by Zei33 [ID: balatro-safety, Version: 1.0.0]
    2: Handy by SleepyG11 [ID: Handy, Version: 1.4.1a, Uses Lovely]
Lovely Mods:
    1: DVPreview
