INFO - [♥] Lovely 0.7.1
INFO - [♥] Game directory is at "C:\\Balatro.v1.0.1o\\Balatro"
INFO - [♥] Writing logs to "C:\\Users\\LENOVO LEGION\\AppData\\Roaming\\Balatro\\Mods\\lovely\\log"
INFO - [♥] Using mod directory at "C:\\Users\\LENOVO LEGION\\AppData\\Roaming\\Balatro\\Mods"
WARN - [♥] Unknown key `patches.17.?.match_indent` found in patch file at "C:\\Users\\LENOVO LEGION\\AppData\\Roaming\\Balatro\\Mods\\HandyBalatro\\lovely.toml", ignoring it
WARN - [♥] Unknown key `patches.17.?.overwrite` found in patch file at "C:\\Users\\LENOVO LEGION\\AppData\\Roaming\\Balatro\\Mods\\HandyBalatro\\lovely.toml", ignoring it
INFO - [♥] Cleaning up dumps directory at "C:\\Users\\LENOVO LEGION\\AppData\\Roaming\\Balatro\\Mods\\lovely\\dump"
INFO - [♥] Initialization complete in 81ms
INFO - [♥] Applied 21 patches to 'main.lua'
INFO - [♥] Applied 6 patches to 'engine/controller.lua'
INFO - [♥] Applied 15 patches to 'back.lua'
INFO - [♥] Applied 7 patches to 'tag.lua'
INFO - [♥] Applied 2 patches to 'engine/moveable.lua'
INFO - [♥] Applied 2 patches to 'engine/sprite.lua'
INFO - [♥] Applied 2 patches to 'engine/animatedsprite.lua'
INFO - [♥] Applied 47 patches to 'functions/misc_functions.lua'
INFO - [♥] Applied 39 patches to 'game.lua'
INFO - [♥] Applied 3 patches to 'globals.lua'
INFO - [♥] Applied 3 patches to 'engine/ui.lua'
INFO - [♥] Applied 77 patches to 'functions/UI_definitions.lua'
INFO - [♥] Applied 44 patches to 'functions/state_events.lua'
INFO - [♥] Applied 106 patches to 'functions/common_events.lua'
INFO - [♥] Applied 49 patches to 'functions/button_callbacks.lua'
WARN - [♥] Pattern '*then G.E_MANAGER:add_event(Event({ func = function() G.GAME.blind:set_blind(nil, true, nil); return true end })) end' on target 'card.lua' for pattern patch from smods-main\lovely\calculate_card_added.toml resulted in 2 matches, wanted 1
WARN - [♥] Ignoring excess matches
INFO - [♥] Applied 160 patches to 'card.lua'
INFO - [♥] Applied 9 patches to 'cardarea.lua'
INFO - [♥] Applied 36 patches to 'blind.lua'
INFO - [♥] Applied 2 patches to 'engine/text.lua'
INFO - [G] Failed to connect to the debug server
INFO - [G] 2025-04-12 14:36:23 :: DEBUG :: DebugConsole :: Steamodded Debug Socket started !
INFO - [G] 2025-04-12 14:36:23 :: INFO  :: SMODS :: Steamodded v1.0.0~BETA-0410b
INFO - [♥] Applied 9 patches to 'engine/sound_manager.lua'
INFO - [♥] Applied 1 patch to 'engine/save_manager.lua'
INFO - [G] 2025-04-12 14:36:25 :: INFO  :: Loader :: Valid JSON file found
INFO - [G] 2025-04-12 14:36:25 :: TRACE :: Loader :: Processing Mod file (Legacy header): steamodded.lua
INFO - [G] 2025-04-12 14:36:25 :: WARN  :: Loader :: Duplicate Mod ID: Handy
INFO - [G] 2025-04-12 14:36:25 :: TRACE :: Loader :: Processing Mod file (Legacy header): main.lua
INFO - [G] 2025-04-12 14:36:25 :: TRACE :: Loader :: Saving Mod Info: balatro-safety
INFO - [G] 2025-04-12 14:36:25 :: INFO  :: TIMER :: [0000] Injected Language in 0.001 ms
INFO - [G] 2025-04-12 14:36:25 :: INFO  :: TIMER :: [0000] Injected [INTERNAL] in 0.753 ms
INFO - [G] 2025-04-12 14:36:25 :: INFO  :: TIMER :: [0003] Injected Atlas in 416.631 ms
INFO - [G] 2025-04-12 14:36:25 :: INFO  :: TIMER :: [0001] Injected Sound in 1.044 ms
INFO - [G] 2025-04-12 14:36:25 :: INFO  :: TIMER :: [0008] Injected Stake in 0.391 ms
INFO - [G] 2025-04-12 14:36:25 :: INFO  :: TIMER :: [0004] Injected Rarity in 0.153 ms
INFO - [G] 2025-04-12 14:36:25 :: INFO  :: TIMER :: [0004] Injected ObjectType in 0.052 ms
INFO - [G] 2025-04-12 14:36:25 :: INFO  :: TIMER :: [0049] Injected Center in 0.949 ms
INFO - [G] 2025-04-12 14:36:25 :: INFO  :: TIMER :: [0007] Injected Undiscovered Sprite in 0.055 ms
INFO - [G] 2025-04-12 14:36:25 :: INFO  :: TIMER :: [0002] Injected Blind in 0.045 ms
INFO - [G] 2025-04-12 14:36:25 :: INFO  :: TIMER :: [0004] Injected Seal in 0.344 ms
INFO - [G] 2025-04-12 14:36:25 :: INFO  :: TIMER :: [0004] Injected Suit in 0.286 ms
INFO - [G] 2025-04-12 14:36:25 :: INFO  :: TIMER :: [0013] Injected Rank in 0.361 ms
INFO - [G] 2025-04-12 14:36:25 :: INFO  :: TIMER :: [0028] Injected DeckSkin in 0.395 ms
INFO - [G] 2025-04-12 14:36:25 :: INFO  :: TIMER :: [0012] Injected PokerHand in 0.248 ms
INFO - [G] 2025-04-12 14:36:25 :: INFO  :: TIMER :: [0020] Injected Challenge in 0.291 ms
INFO - [G] 2025-04-12 14:36:25 :: INFO  :: TIMER :: [0000] Injected Tag in 0.004 ms
INFO - [G] 2025-04-12 14:36:26 :: INFO  :: TIMER :: [0004] Injected Sticker in 0.388 ms
INFO - [G] 2025-04-12 14:36:26 :: INFO  :: TIMER :: [0000] Injected Shader in 0.005 ms
INFO - [G] 2025-04-12 14:36:26 :: INFO  :: TIMER :: [0002] Injected Keybind in 0.034 ms
INFO - [G] 2025-04-12 14:36:26 :: INFO  :: TIMER :: [0000] Injected Achievement in 0.069 ms
INFO - [G] 2025-04-12 14:36:26 :: INFO  :: TIMER :: [0002] Injected nil in 0.017 ms
INFO - [G] 2025-04-12 14:36:26 :: INFO  :: TIMER :: [0021] Injected Draw Step in 0.347 ms
INFO - [G] 2025-04-12 14:36:26 :: INFO  :: TIMER :: [0000] Injected [INTERNAL] in 0.731 ms
INFO - [G] line not found
INFO - [G] file not found: main.lua: No such file or directory
INFO - [G] file not found: main.lua: No such file or directory
INFO - [G] file not found: main.lua: No such file or directory
INFO - [G] file not found: main.lua: No such file or directory
INFO - [G] 2025-04-12 14:37:09 :: ERROR :: StackTrace :: Oops! The game crashed
functions/misc_functions.lua:656: attempt to call method 'get_id' (a nil value)
Stack Traceback
===============
(1) Lua local 'handler' at file 'main.lua:612'
	Local variables:
	 msg = string: "functions/misc_functions.lua:656: attempt to call method 'get_id' (a nil value)"
	 (*temporary) = Lua function '?' (defined at line 31 of chunk [SMODS _ "src/logging.lua"])
	 (*temporary) = string: "Oops! The game crashed\
"
(2) LÖVE method at file 'boot.lua:352'
	Local variables:
	 errhand = Lua function '?' (defined at line 598 of chunk main.lua)
	 handler = Lua function '?' (defined at line 598 of chunk main.lua)
(3) Lua global 'get_X_same' at file 'functions/misc_functions.lua:656'
	Local variables:
	 num = number: 2
	 hand = table: 0x280b6720  {1:table: 0x2806ab70}
	 or_more = boolean: true
	 vals = table: 0x2830de48  {1:table: 0x27fcdf30, 2:table: 0x27effe70, 3:table: 0x27f7ec38, 4:table: 0x280c2fa0, 5:table: 0x27ca2088, 6:table: 0x27f7ec88, 7:table: 0x28302b38 (more...)}
	 (for index) = number: 1
	 (for limit) = number: 1
	 (for step) = number: -1
	 i = number: 1
	 curr = table: 0x27fd23b8  {1:table: 0x2806ab70}
	 (for index) = number: 1
	 (for limit) = number: 1
	 (for step) = number: 1
	 j = number: 1
	 (*temporary) = nil
	 (*temporary) = table: 0x2806ab70  {lucky_trigger:table: 0x2840cc30, suit:Spades, debuff:false, rank:11, base_chips:10, ability:table: 0x2806ab98}
	 (*temporary) = table: 0x27e29340  {1:C_3, 2:false}
	 (*temporary) = string: "attempt to call method 'get_id' (a nil value)"
(4) Lua field 'func' at Steamodded file 'src/game_object.lua:2588' 
	Local variables:
	 hand = table: 0x280b6720  {1:table: 0x2806ab70}
(5) Lua global 'evaluate_poker_hand' at Steamodded file 'src/overrides.lua:1245' 
	Local variables:
	 hand = table: 0x280b6720  {1:table: 0x2806ab70}
	 results = table: 0x27f79bd8  {}
	 parts = table: 0x27e29368  {_highest:table: 0x27faaf10, _flush:table: 0x27fc7d40, _straight:table: 0x2810ed98}
	 (for generator) = C function: builtin#6
	 (for state) = table: 0x27e15f98  {1:_highest, 2:_straight, 3:_flush, 4:_all_pairs, 5:_2, 6:_3, 7:_4, 8:_5}
	 (for control) = number: 4
	 _ = number: 4
	 v = string: "_all_pairs"
(6) Lua field 'get_poker_hand_info' at Steamodded file 'src/overrides.lua:1095' 
	Local variables:
	 _cards = table: 0x280b6720  {1:table: 0x2806ab70}
(7) Lua field 'simulate_blind_debuffs' at Steamodded file 'src/overrides.lua:1899' 
	Local variables:
	 self = table: 0x2815bc78  {click_offset:table: 0x2815bf08, children:table: 0x2815c908, ambient_tilt:0.3, parent:table: 0x27cdc480, mult:1, T:table: 0x2815be18, offset:table: 0x2815c7e8 (more...)}
	 cards = table: 0x280b6720  {1:table: 0x2806ab70}
	 hand = nil
	 handname = string: "High Card"
	 check = boolean: true
	 ret = nil
(8) Lua field 'simulate' at file 'functions/common_events.lua:3138'
	Local variables:
	 null_ret = table: 0x27d20310  {dollars:table: 0x27fbca88, score:table: 0x27b582f8}
(9) Lua field 'func' at file 'main.lua:4600'
	Local variables:
	 (*temporary) = table: 0x279e0a20  {joker_order:table: 0x27a09858, hand_order:table: 0x27ef42d8, is_enough_to_win:function: 0x27d5a978, get_score_node:function: 0x27ab1390, get_sign_str:function: 0x27d5a9d8 (more...)}
(10) Lua method 'handle' at file 'engine/event.lua:99'
	Local variables:
	 self = table: 0x278d3020  {start_timer:true, timer:TOTAL, blockable:true, trigger:immediate, func:function: 0x278d7ae8, delay:0, complete:false, time:35.31861919811, blocking:true (more...)}
	 _results = table: 0x27e5ca08  {blocking:true, pause_skip:false, time_done:false, completed:false}
(11) Lua method 'update' at file 'engine/event.lua:182'
	Local variables:
	 self = table: 0x27e0c048  {queue_last_processed:43.366666666665, queues:table: 0x27e0c070, queue_dt:0.016666666666667, queue_timer:43.38213385837}
	 dt = number: 0.0167205
	 forced = nil
	 (for generator) = C function: next
	 (for state) = table: 0x27e0c070  {unlock:table: 0x27e0c098, other:table: 0x27e0c138, tutorial:table: 0x27e0c0e8, base:table: 0x27e0c0c0, achievement:table: 0x27e0c110}
	 (for control) = number: nan
	 k = string: "base"
	 v = table: 0x27e0c0c0  {1:table: 0x2804b2f0, 2:table: 0x278d3020}
	 blocked = boolean: false
	 i = number: 2
	 results = table: 0x27e5ca08  {blocking:true, pause_skip:false, time_done:false, completed:false}
(12) Lua upvalue 'gameUpdateRef' at file 'game.lua:2552'
	Local variables:
	 self = table: 0x279a8940  {F_GUIDE:false, F_CRASH_REPORTS:false, F_QUIT_BUTTON:true, HUD_tags:table: 0x27f86450, F_ENGLISH_ONLY:false, viewed_stake:8, HUD:table: 0x281798b8 (more...)}
	 dt = number: 0.0167205
	 http_resp = nil
(13) Lua method 'update' at Steamodded file 'src/ui.lua:84' 
	Local variables:
	 self = table: 0x279a8940  {F_GUIDE:false, F_CRASH_REPORTS:false, F_QUIT_BUTTON:true, HUD_tags:table: 0x27f86450, F_ENGLISH_ONLY:false, viewed_stake:8, HUD:table: 0x281798b8 (more...)}
	 dt = number: 0.0167205
(14) Lua upvalue 'love_update_ref' at file 'main.lua:995'
	Local variables:
	 dt = number: 0.0167205
(15) Lua field 'update' at file 'main.lua:3635'
	Local variables:
	 dt = number: 0.0167205
(16) Lua function '?' at file 'main.lua:934' (best guess)
(17) global C function 'xpcall'
(18) LÖVE function at file 'boot.lua:377' (best guess)
	Local variables:
	 func = Lua function '?' (defined at line 905 of chunk main.lua)
	 inerror = boolean: true
	 deferErrhand = Lua function '(LÖVE Function)' (defined at line 348 of chunk [love "boot.lua"])
	 earlyinit = Lua function '(LÖVE Function)' (defined at line 355 of chunk [love "boot.lua"])

INFO - [G] file not found: main.lua: No such file or directory
INFO - [G] file not found: main.lua: No such file or directory
INFO - [G] 2025-04-12 14:37:09 :: INFO  :: StackTrace :: Additional Context:
Balatro Version: 1.0.1o-FULL
Modded Version: 1.0.0~BETA-0410b-STEAMODDED
LÖVE Version: 11.5.0
Lovely Version: 0.7.1
Platform: Windows
Steamodded Mods:
    1: Balatro Safety by Zei33 [ID: balatro-safety, Version: 1.0.0]
    2: Handy by SleepyG11 [ID: Handy, Version: 1.4.1a, Uses Lovely]
Lovely Mods:
    1: DVPreview
    2: DVSimulate
    3: DVSettings
