INFO - [♥] Lovely 0.7.1
INFO - [♥] Game directory is at "C:\\Balatro.v1.0.1o\\Balatro"
INFO - [♥] Writing logs to "C:\\Users\\LENOVO LEGION\\AppData\\Roaming\\Balatro\\Mods\\lovely\\log"
INFO - [♥] Using mod directory at "C:\\Users\\LENOVO LEGION\\AppData\\Roaming\\Balatro\\Mods"
WARN - [♥] Unknown key `patches.2.?.match_indent` found in patch file at "C:\\Users\\LENOVO LEGION\\AppData\\Roaming\\Balatro\\Mods\\Cartomancer\\lovely\\stackable-deck-steamodded.toml", ignoring it
WARN - [♥] Unknown key `patches.17.?.match_indent` found in patch file at "C:\\Users\\LENOVO LEGION\\AppData\\Roaming\\Balatro\\Mods\\HandyBalatro\\lovely.toml", ignoring it
WARN - [♥] Unknown key `patches.17.?.overwrite` found in patch file at "C:\\Users\\LENOVO LEGION\\AppData\\Roaming\\Balatro\\Mods\\HandyBalatro\\lovely.toml", ignoring it
WARN - [♥] Unknown key `patches.10.?.match_indent` found in patch file at "C:\\Users\\LENOVO LEGION\\AppData\\Roaming\\Balatro\\Mods\\Saturn-main\\lovely\\rem_anim.toml", ignoring it
WARN - [♥] Unknown key `patches.10.?.overwrite` found in patch file at "C:\\Users\\LENOVO LEGION\\AppData\\Roaming\\Balatro\\Mods\\Saturn-main\\lovely\\rem_anim.toml", ignoring it
INFO - [♥] Cleaning up dumps directory at "C:\\Users\\LENOVO LEGION\\AppData\\Roaming\\Balatro\\Mods\\lovely\\dump"
INFO - [♥] Initialization complete in 70ms
WARN - [♥] Pattern 'modded and {' on target 'main.lua' for pattern patch from Cartomancer\lovely\stackable-deck-steamodded-0.9.8.toml resulted in no matches
INFO - [♥] Applied 57 patches to 'main.lua'
WARN - [♥] Regex 'function Controller:update([\s\S]+?)^end' on target 'engine/controller.lua' for regex patch from jfmmm-MobileLikeDragging-2.0.1\lovely\controller.toml resulted in 4 matches, wanted 1
WARN - [♥] Ignoring excess matches
WARN - [♥] Pattern 'if self.hovering.target and self.hovering.target == self.dragging.target and not self.HID.touch then' on target 'engine/controller.lua' for pattern patch from Galdur\lovely.toml resulted in no matches
INFO - [♥] Applied 17 patches to 'engine/controller.lua'
INFO - [♥] Applied 15 patches to 'back.lua'
INFO - [♥] Applied 8 patches to 'tag.lua'
INFO - [♥] Applied 1 patch to 'engine/node.lua'
INFO - [♥] Applied 2 patches to 'engine/moveable.lua'
INFO - [♥] Applied 3 patches to 'engine/sprite.lua'
INFO - [♥] Applied 2 patches to 'engine/animatedsprite.lua'
INFO - [♥] Applied 50 patches to 'functions/misc_functions.lua'
INFO - [♥] Applied 49 patches to 'game.lua'
INFO - [♥] Applied 5 patches to 'globals.lua'
WARN - [♥] Pattern 'self.config.chosen = true' on target 'engine/ui.lua' for pattern patch from Cartomancer\lovely\vanilla-ui.toml resulted in no matches
INFO - [♥] Applied 10 patches to 'engine/ui.lua'
INFO - [♥] Applied 112 patches to 'functions/UI_definitions.lua'
WARN - [♥] Pattern 'if effects[ii].card then' on target 'functions/state_events.lua' for pattern patch from Saturn-main\lovely\rem_anim.toml resulted in no matches
INFO - [♥] Applied 45 patches to 'functions/state_events.lua'
WARN - [♥] Pattern 'func = (function() if eval_func(card) then if not first or first then card:juice_up(0.1, 0.1) end;juice_card_until(card, eval_func, nil, 0.8) end return true end)' on target 'functions/common_events.lua' for pattern patch from Saturn-main\lovely\rem_anim.toml resulted in no matches
WARN - [♥] Pattern 'func = (function() if eval_func(card) then if not first or first then card:juice_up(0.1, 0.1) end;juice_card_until(card, eval_func, nil, 0.8) end return true end)' on target 'functions/common_events.lua' for pattern patch from Saturn-main\lovely\rem_anim.toml resulted in no matches
INFO - [♥] Applied 113 patches to 'functions/common_events.lua'
WARN - [♥] Regex '(?<indent>[\\t ]*)voucher_pool\\[i\\+\\(j-1\\)\\*4 \\+ \\(8\\*\\(args\\.cycle_config\\.current_option - 1\\)\\)\\]\\n[\\s\\S]{6}if not center then break end\\n[\\s\\S]{6}local card = Card\\(G\\.your_collection\\[j\\]\\.T\\.x \\+ G\\.your_collection\\[j\\]\\.T\\.w\\/2, G\\.your_collection\\[j\\]\\.T\\.y, G\\.CARD_W, G\\.CARD_H, G\\.P_CARDS\\.empty, center\\)' on target 'functions/button_callbacks.lua' for regex patch from Flower-Pot\lovely\stat_type.toml resulted in no matches
WARN - [♥] Pattern 'if G.pack_cards and (G.pack_cards.cards[1]) and' on target 'functions/button_callbacks.lua' for pattern patch from jfmmm-MobileLikeDragging-2.0.1\lovely\button_callbacks.toml resulted in no matches
INFO - [♥] Applied 61 patches to 'functions/button_callbacks.lua'
WARN - [♥] Pattern '*then G.E_MANAGER:add_event(Event({ func = function() G.GAME.blind:set_blind(nil, true, nil); return true end })) end' on target 'card.lua' for pattern patch from Steamodded\lovely\calculate_card_added.toml resulted in 2 matches, wanted 1
WARN - [♥] Ignoring excess matches
WARN - [♥] Pattern 'if G.GAME.blind then G.E_MANAGER:add_event(Event({ func = function() G.GAME.blind:set_blind(nil, true, nil); return true end })) end' on target 'card.lua' for pattern patch from Saturn-main\lovely\rem_anim.toml resulted in no matches
WARN - [♥] Pattern 'Xmult_mod = G.P_CENTERS.v_observatory.config.extra' on target 'card.lua' for pattern patch from Saturn-main\lovely\stack.toml resulted in no matches
WARN - [♥] Pattern 'message = localize{type = \'variable\', key = \'a_xmult\', vars = {G.P_CENTERS.v_observatory.config.extra}},' on target 'card.lua' for pattern patch from Saturn-main\lovely\stack.toml resulted in no matches
WARN - [♥] Pattern 'local currentBack = self.params.viewed_back and G.GAME.viewed_back or G.GAME.selected_back' on target 'card.lua' for pattern patch from Galdur\lovely.toml resulted in no matches
WARN - [♥] Regex 'self.params.viewed_back and G.GAME.viewed_back or G.GAME.selected_back' on target 'card.lua' for regex patch from CardSleeves\lovely\expected_to_fail.toml resulted in no matches
INFO - [♥] Applied 181 patches to 'card.lua'
WARN - [♥] Pattern 'local stay_flipped = G.GAME and G.GAME.blind and G.GAME.blind:stay_flipped(self, card)' on target 'cardarea.lua' for pattern patch from Cartomancer\lovely\limit-deck-size.toml resulted in no matches
INFO - [♥] Applied 23 patches to 'cardarea.lua'
INFO - [♥] Applied 36 patches to 'blind.lua'
INFO - [♥] Applied 2 patches to 'engine/text.lua'
INFO - [♥] Applied 1 patch to '=[SMODS _ "src/ui.lua"]'
INFO - [♥] Applied 1 patch to '=[SMODS _ "src/utils.lua"]'
INFO - [♥] Applied 5 patches to '=[SMODS _ "src/overrides.lua"]'
WARN - [♥] Pattern 'x_mult = card.ability.extra' on target '=[SMODS _ "src/game_object.lua"]' for pattern patch from Saturn-main\lovely\stack.toml resulted in no matches
INFO - [♥] Applied 0 patches to '=[SMODS _ "src/game_object.lua"]'
INFO - [G] Failed to connect to the debug server
INFO - [G] 2025-04-12 23:21:13 :: DEBUG :: DebugConsole :: Steamodded Debug Socket started !
INFO - [G] 2025-04-12 23:21:13 :: INFO  :: SMODS :: Steamodded v1.0.0~BETA-0410b
INFO - [G] [Blueprint] Starting to load config
INFO - [G] [Blueprint] Reading config file: 
INFO - [G] [Blueprint] return {
	["INTERNAL_debug"] = false,
	["brainstorm"] = true,
	["blueprint"] = true,
}
INFO - [♥] Applied 9 patches to 'engine/sound_manager.lua'
INFO - [♥] Applied 1 patch to 'engine/save_manager.lua'
INFO - [G] Loaded all Blueprint mod shaders successfully
INFO - [G] 2025-04-12 23:21:14 :: TRACE :: Loader :: Processing Mod file (Legacy header): mod.lua
INFO - [G] 2025-04-12 23:21:14 :: TRACE :: Loader :: Saving Mod Info: blueprint
INFO - [G] 2025-04-12 23:21:14 :: TRACE :: Loader :: Processing Mod file (Legacy header): scrubypack.lua
INFO - [G] 2025-04-12 23:21:14 :: TRACE :: Loader :: Saving Mod Info: boz_deck_Z
INFO - [G] 2025-04-12 23:21:14 :: INFO  :: Loader :: Valid JSON file found
INFO - [G] 2025-04-12 23:21:14 :: TRACE :: Loader :: Processing Mod file (Legacy header): mod.lua
INFO - [G] 2025-04-12 23:21:14 :: TRACE :: Loader :: Saving Mod Info: cartomancer
INFO - [G] 2025-04-12 23:21:14 :: TRACE :: Loader :: Processing Mod file (Legacy header): main.lua
INFO - [G] 2025-04-12 23:21:14 :: TRACE :: Loader :: Saving Mod Info: celestial_funk_limeeffy
INFO - [G] 2025-04-12 23:21:14 :: INFO  :: Loader :: Valid JSON file found
INFO - [G] 2025-04-12 23:21:14 :: INFO  :: Loader :: Valid JSON file found
INFO - [G] 2025-04-12 23:21:14 :: INFO  :: Loader :: Valid JSON file found
INFO - [G] 2025-04-12 23:21:14 :: INFO  :: Loader :: Valid JSON file found
INFO - [G] 2025-04-12 23:21:14 :: TRACE :: Loader :: Processing Mod file (Legacy header): main.lua
INFO - [G] 2025-04-12 23:21:14 :: TRACE :: Loader :: Saving Mod Info: hdtextures
INFO - [G] 2025-04-12 23:21:14 :: INFO  :: Loader :: Valid JSON file found
INFO - [G] 2025-04-12 23:21:14 :: TRACE :: Loader :: Processing Mod file (Legacy header): steamodded.lua
INFO - [G] 2025-04-12 23:21:14 :: WARN  :: Loader :: Duplicate Mod ID: Handy
INFO - [G] 2025-04-12 23:21:14 :: TRACE :: Loader :: Processing Mod file (Legacy header): RunReviewer.lua
INFO - [G] 2025-04-12 23:21:14 :: TRACE :: Loader :: Saving Mod Info: RunReviewer
INFO - [G] 2025-04-12 23:21:14 :: INFO  :: Loader :: Valid JSON file found
INFO - [G] 2025-04-12 23:21:14 :: INFO  :: Loader :: Valid JSON file found
INFO - [G] 2025-04-12 23:21:14 :: TRACE :: Loader :: Processing Mod file (Legacy header): main.lua
INFO - [G] 2025-04-12 23:21:14 :: TRACE :: Loader :: Saving Mod Info: marvelsunstarot
INFO - [G] 2025-04-12 23:21:14 :: TRACE :: Loader :: Processing Mod file (Legacy header): MarvelUniverseBalatroMod.lua
INFO - [G] 2025-04-12 23:21:14 :: TRACE :: Loader :: Saving Mod Info: MarvelUniverseBalatroMod
INFO - [G] 2025-04-12 23:21:14 :: TRACE :: Loader :: Processing Mod file (Legacy header): main.lua
INFO - [G] 2025-04-12 23:21:14 :: TRACE :: Loader :: Saving Mod Info: moonspell
INFO - [G] 2025-04-12 23:21:14 :: INFO  :: Loader :: Valid JSON file found
INFO - [G] 2025-04-12 23:21:14 :: TRACE :: Loader :: Processing Mod file (Legacy header): Nopeus.lua
INFO - [G] 2025-04-12 23:21:14 :: TRACE :: Loader :: Saving Mod Info: nopeus
INFO - [G] 2025-04-12 23:21:14 :: INFO  :: Loader :: Valid JSON file found
INFO - [G] 2025-04-12 23:21:14 :: TRACE :: Loader :: Processing Mod file (Legacy header): RefreshedDecks.lua
INFO - [G] 2025-04-12 23:21:14 :: TRACE :: Loader :: Saving Mod Info: RefreshedDecks
INFO - [G] 2025-04-12 23:21:14 :: INFO  :: Loader :: Valid JSON file found
INFO - [G] 2025-04-12 23:21:14 :: TRACE :: Loader :: Processing Mod file (Legacy header): scrubypack.lua
INFO - [G] 2025-04-12 23:21:14 :: TRACE :: Loader :: Saving Mod Info: bos_deck_2
INFO - [G] 2025-04-12 23:21:14 :: TRACE :: Loader :: Processing Mod file (Legacy header): scrubypack.lua
INFO - [G] 2025-04-12 23:21:14 :: TRACE :: Loader :: Saving Mod Info: fos_deck
INFO - [G] 2025-04-12 23:21:14 :: INFO  :: Loader :: Valid JSON file found
INFO - [G] 2025-04-12 23:21:14 :: TRACE :: Loader :: Processing Mod file (Legacy header): main.lua
INFO - [G] 2025-04-12 23:21:14 :: TRACE :: Loader :: Saving Mod Info: bookofthothtarot
INFO - [G] 2025-04-12 23:21:14 :: TRACE :: Loader :: Processing Mod file (Legacy header): main.lua
INFO - [G] 2025-04-12 23:21:14 :: TRACE :: Loader :: Saving Mod Info: votv_planets
INFO - [G] 2025-04-12 23:21:14 :: TRACE :: Loader :: Processing Mod file (Legacy header): facesofsin.lua
INFO - [G] 2025-04-12 23:21:14 :: WARN  :: Loader :: Duplicate Mod prefix fos used by fos, fos_deck
INFO - [G] 2025-04-12 23:21:14 :: TRACE :: Loader :: Saving Mod Info: fos
INFO - [G] 2025-04-12 23:21:14 :: TRACE :: Loader :: Processing Mod file (Legacy header): main.lua
INFO - [G] 2025-04-12 23:21:14 :: TRACE :: Loader :: Saving Mod Info: balatro-safety
INFO - [G] 2025-04-12 23:21:14 :: TRACE :: Loader :: Processing Mod file (Legacy header): Extras.lua
INFO - [G] 2025-04-12 23:21:14 :: TRACE :: Loader :: Saving Mod Info: BalatroDarkMode
INFO - [G] 2025-04-12 23:21:14 :: TRACE :: Loader :: Processing Mod file (Legacy header): main.lua
INFO - [G] 2025-04-12 23:21:14 :: TRACE :: Loader :: Saving Mod Info: darktextures
INFO - [G] 2025-04-12 23:21:14 :: TRACE :: Loader :: Processing Mod file (Legacy header): main.lua
INFO - [G] 2025-04-12 23:21:14 :: TRACE :: Loader :: Saving Mod Info: deselect-all
INFO - [G] 2025-04-12 23:21:14 :: ERROR :: Loader :: Found invalid metadata JSON file at C:\Users\LENOVO LEGION\AppData\Roaming\Balatro\Mods/jfmmm-MobileLikeDragging-2.0.1/manifest.json, ignoring: [SMODS _ "src/loader.lua"]:226: id
INFO - [G] 2025-04-12 23:21:14 :: ERROR :: Loader :: Found invalid metadata JSON file at C:\Users\LENOVO LEGION\AppData\Roaming\Balatro\Mods/jimbos_metrics-master/.luarc.json, ignoring: [SMODS _ "src/loader.lua"]:226: id
INFO - [G] 2025-04-12 23:21:14 :: INFO  :: Loader :: Valid JSON file found
INFO - [G] 2025-04-12 23:21:14 :: WARN  :: Atlas :: The field `raw_key` on Booster is deprecated.
Set `prefix_config.key = false` on your object instead.
INFO - [G] 2025-04-12 23:21:14 :: INFO  :: CardSleeves :: CardSleeves v1.7.2 loaded~!
INFO - [G] 2025-04-12 23:21:14 :: WARN  :: DeckSkin :: Old DeckSkin formatting detected on DeckSkin bos_hearts_skin!
INFO - [G] 2025-04-12 23:21:14 :: WARN  :: DeckSkin :: Old DeckSkin formatting detected on DeckSkin bos_clubs_skin!
INFO - [G] 2025-04-12 23:21:14 :: WARN  :: DeckSkin :: Old DeckSkin formatting detected on DeckSkin bos_diamonds_skin!
INFO - [G] 2025-04-12 23:21:14 :: WARN  :: DeckSkin :: Old DeckSkin formatting detected on DeckSkin bos_spades_skin!
INFO - [G] 2025-04-12 23:21:14 :: WARN  :: DeckSkin :: Old DeckSkin formatting detected on DeckSkin boz_hearts_skin!
INFO - [G] 2025-04-12 23:21:14 :: WARN  :: DeckSkin :: Old DeckSkin formatting detected on DeckSkin boz_clubs_skin!
INFO - [G] 2025-04-12 23:21:14 :: WARN  :: DeckSkin :: Old DeckSkin formatting detected on DeckSkin boz_diamonds_skin!
INFO - [G] 2025-04-12 23:21:14 :: WARN  :: DeckSkin :: Old DeckSkin formatting detected on DeckSkin boz_spades_skin!
INFO - [G] 2025-04-12 23:21:14 :: TRACE :: Loader :: Mod fos was unable to load: 
INFO - [G] 2025-04-12 23:21:14 :: WARN  :: DeckSkin :: Old DeckSkin formatting detected on DeckSkin fos_hearts_skin!
INFO - [G] 2025-04-12 23:21:14 :: WARN  :: DeckSkin :: Old DeckSkin formatting detected on DeckSkin fos_clubs_skin!
INFO - [G] 2025-04-12 23:21:14 :: WARN  :: DeckSkin :: Old DeckSkin formatting detected on DeckSkin fos_diamonds_skin!
INFO - [G] 2025-04-12 23:21:14 :: WARN  :: DeckSkin :: Old DeckSkin formatting detected on DeckSkin fos_spades_skin!
INFO - [G] 2025-04-12 23:21:14 :: INFO  :: TIMER :: [0000] Injected Language in 0.001 ms
INFO - [G] 2025-04-12 23:21:14 :: INFO  :: TIMER :: [0000] Injected [INTERNAL] in 0.800 ms
INFO - [G] 2025-04-12 23:21:15 :: INFO  :: TIMER :: [0034] Injected Atlas in 521.686 ms
INFO - [G] 2025-04-12 23:21:15 :: INFO  :: TIMER :: [0001] Injected Sound in 0.216 ms
INFO - [G] 2025-04-12 23:21:15 :: INFO  :: TIMER :: [0008] Injected Stake in 0.437 ms
INFO - [G] 2025-04-12 23:21:15 :: INFO  :: TIMER :: [0004] Injected Rarity in 0.022 ms
INFO - [G] 2025-04-12 23:21:15 :: INFO  :: TIMER :: [0004] Injected ObjectType in 0.037 ms
INFO - [G] 2025-04-12 23:21:15 :: INFO  :: TIMER :: [0080] Injected Center in 0.788 ms
INFO - [G] 2025-04-12 23:21:15 :: INFO  :: TIMER :: [0007] Injected Undiscovered Sprite in 0.018 ms
INFO - [G] 2025-04-12 23:21:15 :: INFO  :: TIMER :: [0003] Injected Blind in 0.020 ms
INFO - [G] 2025-04-12 23:21:15 :: INFO  :: TIMER :: [0004] Injected Seal in 0.343 ms
INFO - [G] 2025-04-12 23:21:15 :: INFO  :: TIMER :: [0004] Injected Suit in 0.174 ms
INFO - [G] 2025-04-12 23:21:15 :: INFO  :: TIMER :: [0013] Injected Rank in 0.172 ms
INFO - [G] 2025-04-12 23:21:15 :: INFO  :: TIMER :: [0044] Injected DeckSkin in 0.492 ms
INFO - [G] 2025-04-12 23:21:15 :: INFO  :: TIMER :: [0012] Injected PokerHand in 0.164 ms
INFO - [G] 2025-04-12 23:21:15 :: INFO  :: TIMER :: [0020] Injected Challenge in 0.067 ms
INFO - [G] 2025-04-12 23:21:15 :: INFO  :: TIMER :: [0004] Injected Tag in 0.192 ms
INFO - [G] 2025-04-12 23:21:15 :: INFO  :: TIMER :: [0004] Injected Sticker in 0.250 ms
INFO - [G] 2025-04-12 23:21:15 :: INFO  :: TIMER :: [0001] Injected Shader in 10.924 ms
INFO - [G] 2025-04-12 23:21:15 :: INFO  :: TIMER :: [0002] Injected Keybind in 0.014 ms
INFO - [G] 2025-04-12 23:21:15 :: INFO  :: TIMER :: [0000] Injected Achievement in 0.042 ms
INFO - [G] 2025-04-12 23:21:15 :: INFO  :: TIMER :: [0002] Injected nil in 0.016 ms
INFO - [G] 2025-04-12 23:21:15 :: INFO  :: TIMER :: [0022] Injected Draw Step in 0.179 ms
INFO - [G] 2025-04-12 23:21:15 :: INFO  :: TIMER :: [0000] Injected [INTERNAL] in 8.892 ms
INFO - [G] 2025-04-12 23:21:17 :: INFO  :: TIMER :: [0043] Injected AltTexture in 1267.414 ms
INFO - [G] 2025-04-12 23:21:17 :: INFO  :: TIMER :: [0010] Injected Texture Pack in 0.351 ms
