INFO - [♥] Lovely 0.7.1
INFO - [♥] Game directory is at "C:\\Balatro.v1.0.1o\\Balatro"
INFO - [♥] Writing logs to "C:\\Users\\LENOVO LEGION\\AppData\\Roaming\\Balatro\\Mods\\lovely\\log"
INFO - [♥] Using mod directory at "C:\\Users\\LENOVO LEGION\\AppData\\Roaming\\Balatro\\Mods"
INFO - [♥] Cleaning up dumps directory at "C:\\Users\\LENOVO LEGION\\AppData\\Roaming\\Balatro\\Mods\\lovely\\dump"
INFO - [♥] Initialization complete in 55ms
INFO - [♥] Applied 15 patches to 'main.lua'
INFO - [♥] Applied 5 patches to 'engine/controller.lua'
INFO - [♥] Applied 15 patches to 'back.lua'
INFO - [♥] Applied 7 patches to 'tag.lua'
INFO - [♥] Applied 2 patches to 'engine/moveable.lua'
INFO - [♥] Applied 2 patches to 'engine/sprite.lua'
INFO - [♥] Applied 2 patches to 'engine/animatedsprite.lua'
INFO - [♥] Applied 47 patches to 'functions/misc_functions.lua'
INFO - [♥] Applied 34 patches to 'game.lua'
INFO - [♥] Applied 3 patches to 'globals.lua'
INFO - [♥] Applied 3 patches to 'engine/ui.lua'
INFO - [♥] Applied 75 patches to 'functions/UI_definitions.lua'
INFO - [♥] Applied 44 patches to 'functions/state_events.lua'
INFO - [♥] Applied 106 patches to 'functions/common_events.lua'
INFO - [♥] Applied 46 patches to 'functions/button_callbacks.lua'
WARN - [♥] Pattern '*then G.E_MANAGER:add_event(Event({ func = function() G.GAME.blind:set_blind(nil, true, nil); return true end })) end' on target 'card.lua' for pattern patch from smods-main\lovely\calculate_card_added.toml resulted in 2 matches, wanted 1
WARN - [♥] Ignoring excess matches
INFO - [♥] Applied 157 patches to 'card.lua'
INFO - [♥] Applied 9 patches to 'cardarea.lua'
INFO - [♥] Applied 36 patches to 'blind.lua'
INFO - [♥] Applied 2 patches to 'engine/text.lua'
INFO - [G] Failed to connect to the debug server
INFO - [G] 2025-04-12 14:02:40 :: DEBUG :: DebugConsole :: Steamodded Debug Socket started !
INFO - [G] 2025-04-12 14:02:40 :: INFO  :: SMODS :: Steamodded v1.0.0~BETA-0410b
INFO - [♥] Applied 9 patches to 'engine/sound_manager.lua'
INFO - [♥] Applied 1 patch to 'engine/save_manager.lua'
INFO - [G] 2025-04-12 14:02:41 :: INFO  :: TIMER :: [0000] Injected Language in 0.002 ms
INFO - [G] 2025-04-12 14:02:41 :: INFO  :: TIMER :: [0000] Injected [INTERNAL] in 1.057 ms
INFO - [G] 2025-04-12 14:02:42 :: INFO  :: TIMER :: [0002] Injected Atlas in 431.584 ms
INFO - [G] 2025-04-12 14:02:42 :: INFO  :: TIMER :: [0001] Injected Sound in 0.397 ms
INFO - [G] 2025-04-12 14:02:42 :: INFO  :: TIMER :: [0008] Injected Stake in 0.325 ms
INFO - [G] 2025-04-12 14:02:42 :: INFO  :: TIMER :: [0004] Injected Rarity in 0.020 ms
INFO - [G] 2025-04-12 14:02:42 :: INFO  :: TIMER :: [0004] Injected ObjectType in 0.093 ms
INFO - [G] 2025-04-12 14:02:42 :: INFO  :: TIMER :: [0049] Injected Center in 0.628 ms
INFO - [G] 2025-04-12 14:02:42 :: INFO  :: TIMER :: [0007] Injected Undiscovered Sprite in 0.058 ms
INFO - [G] 2025-04-12 14:02:42 :: INFO  :: TIMER :: [0002] Injected Blind in 0.036 ms
INFO - [G] 2025-04-12 14:02:42 :: INFO  :: TIMER :: [0004] Injected Seal in 0.359 ms
INFO - [G] 2025-04-12 14:02:42 :: INFO  :: TIMER :: [0004] Injected Suit in 0.189 ms
INFO - [G] 2025-04-12 14:02:42 :: INFO  :: TIMER :: [0013] Injected Rank in 0.224 ms
INFO - [G] 2025-04-12 14:02:42 :: INFO  :: TIMER :: [0028] Injected DeckSkin in 0.674 ms
INFO - [G] 2025-04-12 14:02:42 :: INFO  :: TIMER :: [0012] Injected PokerHand in 0.108 ms
INFO - [G] 2025-04-12 14:02:42 :: INFO  :: TIMER :: [0020] Injected Challenge in 0.072 ms
INFO - [G] 2025-04-12 14:02:42 :: INFO  :: TIMER :: [0000] Injected Tag in 0.006 ms
INFO - [G] 2025-04-12 14:02:42 :: INFO  :: TIMER :: [0004] Injected Sticker in 0.345 ms
INFO - [G] 2025-04-12 14:02:42 :: INFO  :: TIMER :: [0000] Injected Shader in 0.007 ms
INFO - [G] 2025-04-12 14:02:42 :: INFO  :: TIMER :: [0002] Injected Keybind in 0.129 ms
INFO - [G] 2025-04-12 14:02:42 :: INFO  :: TIMER :: [0000] Injected Achievement in 0.042 ms
INFO - [G] 2025-04-12 14:02:42 :: INFO  :: TIMER :: [0002] Injected nil in 0.038 ms
INFO - [G] 2025-04-12 14:02:42 :: INFO  :: TIMER :: [0021] Injected Draw Step in 0.126 ms
INFO - [G] 2025-04-12 14:02:42 :: INFO  :: TIMER :: [0000] Injected [INTERNAL] in 0.484 ms
INFO - [G] line not found
INFO - [G] file not found: main.lua: No such file or directory
INFO - [G] file not found: main.lua: No such file or directory
INFO - [G] file not found: main.lua: No such file or directory
INFO - [G] file not found: main.lua: No such file or directory
INFO - [G] 2025-04-12 14:03:05 :: ERROR :: StackTrace :: Oops! The game crashed
functions/misc_functions.lua:656: attempt to call method 'get_id' (a nil value)
Stack Traceback
===============
(1) Lua local 'handler' at file 'main.lua:612'
	Local variables:
	 msg = string: "functions/misc_functions.lua:656: attempt to call method 'get_id' (a nil value)"
	 (*temporary) = Lua function '?' (defined at line 31 of chunk [SMODS _ "src/logging.lua"])
	 (*temporary) = string: "Oops! The game crashed\
"
(2) LÖVE method at file 'boot.lua:352'
	Local variables:
	 errhand = Lua function '?' (defined at line 598 of chunk main.lua)
	 handler = Lua function '?' (defined at line 598 of chunk main.lua)
(3) Lua global 'get_X_same' at file 'functions/misc_functions.lua:656'
	Local variables:
	 num = number: 2
	 hand = table: 0x2f8a3790  {1:table: 0x2f8a37f0}
	 or_more = boolean: true
	 vals = table: 0x2f655448  {1:table: 0x2f655498, 2:table: 0x2f6554e8, 3:table: 0x2f655538, 4:table: 0x2f655588, 5:table: 0x2f6555d8, 6:table: 0x2fdc5188, 7:table: 0x2fdc51b0 (more...)}
	 (for index) = number: 1
	 (for limit) = number: 1
	 (for step) = number: -1
	 i = number: 1
	 curr = table: 0x2fdacde0  {1:table: 0x2f8a37f0}
	 (for index) = number: 1
	 (for limit) = number: 1
	 (for step) = number: 1
	 j = number: 1
	 (*temporary) = nil
	 (*temporary) = table: 0x2f8a37f0  {lucky_trigger:table: 0x2f90e5e8, suit:Spades, debuff:false, rank:13, base_chips:10, ability:table: 0x2f8a3818}
	 (*temporary) = table: 0x2fe0a6b0  {1:C_3, 2:false}
	 (*temporary) = string: "attempt to call method 'get_id' (a nil value)"
(4) Lua field 'func' at Steamodded file 'src/game_object.lua:2588' 
	Local variables:
	 hand = table: 0x2f8a3790  {1:table: 0x2f8a37f0}
(5) Lua global 'evaluate_poker_hand' at Steamodded file 'src/overrides.lua:1245' 
	Local variables:
	 hand = table: 0x2f8a3790  {1:table: 0x2f8a37f0}
	 results = table: 0x2fe0a658  {}
	 parts = table: 0x2f761f00  {_highest:table: 0x2f761f28, _flush:table: 0x2f655390, _straight:table: 0x2f655368}
	 (for generator) = C function: builtin#6
	 (for state) = table: 0x2f870238  {1:_highest, 2:_straight, 3:_flush, 4:_all_pairs, 5:_2, 6:_3, 7:_4, 8:_5}
	 (for control) = number: 4
	 _ = number: 4
	 v = string: "_all_pairs"
(6) Lua field 'get_poker_hand_info' at Steamodded file 'src/overrides.lua:1095' 
	Local variables:
	 _cards = table: 0x2f8a3790  {1:table: 0x2f8a37f0}
(7) Lua field 'simulate_blind_debuffs' at Steamodded file 'src/overrides.lua:1899' 
	Local variables:
	 self = table: 0x2f493fd8  {click_offset:table: 0x2fbb8f58, children:table: 0x2fc5da68, ambient_tilt:0.3, parent:table: 0x2fb63ac0, mult:1, T:table: 0x2fbed748, offset:table: 0x2f39eff8 (more...)}
	 cards = table: 0x2f8a3790  {1:table: 0x2f8a37f0}
	 hand = nil
	 handname = string: "High Card"
	 check = boolean: true
	 ret = nil
(8) Lua field 'simulate' at file 'functions/common_events.lua:3138'
	Local variables:
	 null_ret = table: 0x2fa8f058  {dollars:table: 0x2fa8f0e0, score:table: 0x2fa8f0b8}
(9) Lua field 'func' at file 'main.lua:1369'
	Local variables:
	 (*temporary) = table: 0x2f2c8700  {joker_order:table: 0x2f365500, hand_order:table: 0x2fadaa10, is_enough_to_win:function: 0x2f5fb5c0, get_score_node:function: 0x2f3acb50, get_sign_str:function: 0x2f5fb620 (more...)}
(10) Lua method 'handle' at file 'engine/event.lua:99'
	Local variables:
	 self = table: 0x2fa89338  {start_timer:true, timer:TOTAL, blockable:true, trigger:immediate, func:function: 0x2ff69da8, delay:0, complete:false, time:70.470466210519, blocking:true (more...)}
	 _results = table: 0x2f6cfa88  {blocking:true, pause_skip:false, time_done:false, completed:false}
(11) Lua method 'update' at file 'engine/event.lua:182'
	Local variables:
	 self = table: 0x2f9bd140  {queue_last_processed:22.85, queues:table: 0x2f9bd168, queue_dt:0.016666666666667, queue_timer:22.86565050248}
	 dt = number: 0.0166943
	 forced = nil
	 (for generator) = C function: next
	 (for state) = table: 0x2f9bd168  {unlock:table: 0x2f9bd258, other:table: 0x2f9bd2f8, tutorial:table: 0x2f9bd2a8, base:table: 0x2f9bd280, achievement:table: 0x2f9bd2d0}
	 (for control) = number: nan
	 k = string: "base"
	 v = table: 0x2f9bd280  {1:table: 0x2faf7748, 2:table: 0x2fa89338}
	 blocked = boolean: false
	 i = number: 2
	 results = table: 0x2f6cfa88  {blocking:true, pause_skip:false, time_done:false, completed:false}
(12) Lua upvalue 'gameUpdateRef' at file 'game.lua:2549'
	Local variables:
	 self = table: 0x2f336fd8  {F_GUIDE:false, F_CRASH_REPORTS:false, F_QUIT_BUTTON:true, HUD_tags:table: 0x2f761950, F_ENGLISH_ONLY:false, HUD:table: 0x2f8890c0, sort_id:57 (more...)}
	 dt = number: 0.0166943
	 http_resp = nil
(13) Lua method 'update' at Steamodded file 'src/ui.lua:84' 
	Local variables:
	 self = table: 0x2f336fd8  {F_GUIDE:false, F_CRASH_REPORTS:false, F_QUIT_BUTTON:true, HUD_tags:table: 0x2f761950, F_ENGLISH_ONLY:false, HUD:table: 0x2f8890c0, sort_id:57 (more...)}
	 dt = number: 0.0166943
(14) Lua field 'update' at file 'main.lua:995'
	Local variables:
	 dt = number: 0.0166943
(15) Lua function '?' at file 'main.lua:934' (best guess)
(16) global C function 'xpcall'
(17) LÖVE function at file 'boot.lua:377' (best guess)
	Local variables:
	 func = Lua function '?' (defined at line 905 of chunk main.lua)
	 inerror = boolean: true
	 deferErrhand = Lua function '(LÖVE Function)' (defined at line 348 of chunk [love "boot.lua"])
	 earlyinit = Lua function '(LÖVE Function)' (defined at line 355 of chunk [love "boot.lua"])

INFO - [G] file not found: main.lua: No such file or directory
INFO - [G] file not found: main.lua: No such file or directory
INFO - [G] 2025-04-12 14:03:05 :: INFO  :: StackTrace :: Additional Context:
Balatro Version: 1.0.1o-FULL
Modded Version: 1.0.0~BETA-0410b-STEAMODDED
LÖVE Version: 11.5.0
Lovely Version: 0.7.1
Platform: Windows
Steamodded Mods:
Lovely Mods:
    1: DVPreview
    2: DVSimulate
    3: DVSettings
