INFO - [♥] Lovely 0.7.1
INFO - [♥] Game directory is at "C:\\Balatro.v1.0.1o\\Balatro"
INFO - [♥] Writing logs to "C:\\Users\\LENOVO LEGION\\AppData\\Roaming\\Balatro\\Mods\\lovely\\log"
INFO - [♥] Using mod directory at "C:\\Users\\LENOVO LEGION\\AppData\\Roaming\\Balatro\\Mods"
WARN - [♥] Unknown key `patches.17.?.match_indent` found in patch file at "C:\\Users\\LENOVO LEGION\\AppData\\Roaming\\Balatro\\Mods\\HandyBalatro\\lovely.toml", ignoring it
WARN - [♥] Unknown key `patches.17.?.overwrite` found in patch file at "C:\\Users\\LENOVO LEGION\\AppData\\Roaming\\Balatro\\Mods\\HandyBalatro\\lovely.toml", ignoring it
WARN - [♥] Unknown key `patches.10.?.match_indent` found in patch file at "C:\\Users\\LENOVO LEGION\\AppData\\Roaming\\Balatro\\Mods\\Saturn-main\\lovely\\rem_anim.toml", ignoring it
WARN - [♥] Unknown key `patches.10.?.overwrite` found in patch file at "C:\\Users\\LENOVO LEGION\\AppData\\Roaming\\Balatro\\Mods\\Saturn-main\\lovely\\rem_anim.toml", ignoring it
INFO - [♥] Cleaning up dumps directory at "C:\\Users\\LENOVO LEGION\\AppData\\Roaming\\Balatro\\Mods\\lovely\\dump"
INFO - [♥] Initialization complete in 66ms
INFO - [♥] Applied 50 patches to 'main.lua'
WARN - [♥] Regex 'function Controller:update([\s\S]+?)^end' on target 'engine/controller.lua' for regex patch from jfmmm-MobileLikeDragging-2.0.1\lovely\controller.toml resulted in 4 matches, wanted 1
WARN - [♥] Ignoring excess matches
WARN - [♥] Pattern 'if self.hovering.target and self.hovering.target == self.dragging.target and not self.HID.touch then' on target 'engine/controller.lua' for pattern patch from Galdur\lovely.toml resulted in no matches
INFO - [♥] Applied 15 patches to 'engine/controller.lua'
INFO - [♥] Applied 15 patches to 'back.lua'
INFO - [♥] Applied 8 patches to 'tag.lua'
INFO - [♥] Applied 1 patch to 'engine/node.lua'
INFO - [♥] Applied 2 patches to 'engine/moveable.lua'
INFO - [♥] Applied 3 patches to 'engine/sprite.lua'
INFO - [♥] Applied 2 patches to 'engine/animatedsprite.lua'
INFO - [♥] Applied 49 patches to 'functions/misc_functions.lua'
INFO - [♥] Applied 45 patches to 'game.lua'
INFO - [♥] Applied 5 patches to 'globals.lua'
INFO - [♥] Applied 9 patches to 'engine/ui.lua'
INFO - [♥] Applied 90 patches to 'functions/UI_definitions.lua'
WARN - [♥] Pattern 'if effects[ii].card then' on target 'functions/state_events.lua' for pattern patch from Saturn-main\lovely\rem_anim.toml resulted in no matches
INFO - [♥] Applied 44 patches to 'functions/state_events.lua'
WARN - [♥] Pattern 'func = (function() if eval_func(card) then if not first or first then card:juice_up(0.1, 0.1) end;juice_card_until(card, eval_func, nil, 0.8) end return true end)' on target 'functions/common_events.lua' for pattern patch from Saturn-main\lovely\rem_anim.toml resulted in no matches
WARN - [♥] Pattern 'func = (function() if eval_func(card) then if not first or first then card:juice_up(0.1, 0.1) end;juice_card_until(card, eval_func, nil, 0.8) end return true end)' on target 'functions/common_events.lua' for pattern patch from Saturn-main\lovely\rem_anim.toml resulted in no matches
INFO - [♥] Applied 110 patches to 'functions/common_events.lua'
WARN - [♥] Pattern 'if G.pack_cards and (G.pack_cards.cards[1]) and' on target 'functions/button_callbacks.lua' for pattern patch from jfmmm-MobileLikeDragging-2.0.1\lovely\button_callbacks.toml resulted in no matches
INFO - [♥] Applied 56 patches to 'functions/button_callbacks.lua'
WARN - [♥] Pattern '*then G.E_MANAGER:add_event(Event({ func = function() G.GAME.blind:set_blind(nil, true, nil); return true end })) end' on target 'card.lua' for pattern patch from Steamodded\lovely\calculate_card_added.toml resulted in 2 matches, wanted 1
WARN - [♥] Ignoring excess matches
WARN - [♥] Pattern 'if G.GAME.blind then G.E_MANAGER:add_event(Event({ func = function() G.GAME.blind:set_blind(nil, true, nil); return true end })) end' on target 'card.lua' for pattern patch from Saturn-main\lovely\rem_anim.toml resulted in no matches
WARN - [♥] Pattern 'Xmult_mod = G.P_CENTERS.v_observatory.config.extra' on target 'card.lua' for pattern patch from Saturn-main\lovely\stack.toml resulted in no matches
WARN - [♥] Pattern 'message = localize{type = \'variable\', key = \'a_xmult\', vars = {G.P_CENTERS.v_observatory.config.extra}},' on target 'card.lua' for pattern patch from Saturn-main\lovely\stack.toml resulted in no matches
WARN - [♥] Pattern 'local currentBack = self.params.viewed_back and G.GAME.viewed_back or G.GAME.selected_back' on target 'card.lua' for pattern patch from Galdur\lovely.toml resulted in no matches
WARN - [♥] Regex 'self.params.viewed_back and G.GAME.viewed_back or G.GAME.selected_back' on target 'card.lua' for regex patch from CardSleeves\lovely\expected_to_fail.toml resulted in no matches
INFO - [♥] Applied 178 patches to 'card.lua'
INFO - [♥] Applied 16 patches to 'cardarea.lua'
INFO - [♥] Applied 36 patches to 'blind.lua'
INFO - [♥] Applied 2 patches to 'engine/text.lua'
INFO - [♥] Applied 1 patch to '=[SMODS _ "src/utils.lua"]'
INFO - [♥] Applied 1 patch to '=[SMODS _ "src/overrides.lua"]'
WARN - [♥] Pattern 'x_mult = card.ability.extra' on target '=[SMODS _ "src/game_object.lua"]' for pattern patch from Saturn-main\lovely\stack.toml resulted in no matches
INFO - [♥] Applied 0 patches to '=[SMODS _ "src/game_object.lua"]'
INFO - [G] Failed to connect to the debug server
INFO - [G] 2025-04-12 21:57:05 :: DEBUG :: DebugConsole :: Steamodded Debug Socket started !
INFO - [G] 2025-04-12 21:57:05 :: INFO  :: SMODS :: Steamodded v1.0.0~BETA-0410b
INFO - [G] [Blueprint] Starting to load config
INFO - [G] [Blueprint] Reading config file: 
INFO - [G] [Blueprint] return {
	["INTERNAL_debug"] = false,
	["brainstorm"] = true,
	["blueprint"] = true,
}
INFO - [♥] Applied 9 patches to 'engine/sound_manager.lua'
INFO - [♥] Applied 1 patch to 'engine/save_manager.lua'
INFO - [G] Loaded all Blueprint mod shaders successfully
INFO - [G] 2025-04-12 21:57:06 :: TRACE :: Loader :: Processing Mod file (Legacy header): mod.lua
INFO - [G] 2025-04-12 21:57:06 :: TRACE :: Loader :: Saving Mod Info: blueprint
INFO - [G] 2025-04-12 21:57:06 :: INFO  :: Loader :: Valid JSON file found
INFO - [G] 2025-04-12 21:57:06 :: INFO  :: Loader :: Valid JSON file found
INFO - [G] 2025-04-12 21:57:06 :: INFO  :: Loader :: Valid JSON file found
INFO - [G] 2025-04-12 21:57:06 :: TRACE :: Loader :: Processing Mod file (Legacy header): steamodded.lua
INFO - [G] 2025-04-12 21:57:06 :: WARN  :: Loader :: Duplicate Mod ID: Handy
INFO - [G] 2025-04-12 21:57:06 :: TRACE :: Loader :: Processing Mod file (Legacy header): RunReviewer.lua
INFO - [G] 2025-04-12 21:57:06 :: TRACE :: Loader :: Saving Mod Info: RunReviewer
INFO - [G] 2025-04-12 21:57:06 :: INFO  :: Loader :: Valid JSON file found
INFO - [G] 2025-04-12 21:57:06 :: INFO  :: Loader :: Valid JSON file found
INFO - [G] 2025-04-12 21:57:06 :: TRACE :: Loader :: Processing Mod file (Legacy header): Nopeus.lua
INFO - [G] 2025-04-12 21:57:06 :: TRACE :: Loader :: Saving Mod Info: nopeus
INFO - [G] 2025-04-12 21:57:06 :: INFO  :: Loader :: Valid JSON file found
INFO - [G] 2025-04-12 21:57:06 :: INFO  :: Loader :: Valid JSON file found
INFO - [G] 2025-04-12 21:57:06 :: TRACE :: Loader :: Processing Mod file (Legacy header): main.lua
INFO - [G] 2025-04-12 21:57:06 :: TRACE :: Loader :: Saving Mod Info: balatro-safety
INFO - [G] 2025-04-12 21:57:06 :: TRACE :: Loader :: Processing Mod file (Legacy header): main.lua
INFO - [G] 2025-04-12 21:57:06 :: TRACE :: Loader :: Saving Mod Info: deselect-all
INFO - [G] 2025-04-12 21:57:06 :: ERROR :: Loader :: Found invalid metadata JSON file at C:\Users\LENOVO LEGION\AppData\Roaming\Balatro\Mods/jfmmm-MobileLikeDragging-2.0.1/manifest.json, ignoring: [SMODS _ "src/loader.lua"]:226: id
INFO - [G] 2025-04-12 21:57:06 :: ERROR :: Loader :: Found invalid metadata JSON file at C:\Users\LENOVO LEGION\AppData\Roaming\Balatro\Mods/jimbos_metrics-master/.luarc.json, ignoring: [SMODS _ "src/loader.lua"]:226: id
INFO - [G] 2025-04-12 21:57:06 :: INFO  :: Loader :: Valid JSON file found
INFO - [G] 2025-04-12 21:57:06 :: INFO  :: Loader :: Valid JSON file found
INFO - [G] 2025-04-12 21:57:06 :: INFO  :: CardSleeves :: CardSleeves v1.7.2 loaded~!
INFO - [G] 2025-04-12 21:57:06 :: INFO  :: TIMER :: [0000] Injected Language in 0.002 ms
INFO - [G] 2025-04-12 21:57:06 :: INFO  :: TIMER :: [0000] Injected [INTERNAL] in 1.025 ms
INFO - [G] 2025-04-12 21:57:06 :: INFO  :: TIMER :: [0010] Injected Atlas in 18.565 ms
INFO - [G] 2025-04-12 21:57:06 :: INFO  :: TIMER :: [0001] Injected Sound in 0.432 ms
INFO - [G] 2025-04-12 21:57:06 :: INFO  :: TIMER :: [0008] Injected Stake in 0.212 ms
INFO - [G] 2025-04-12 21:57:06 :: INFO  :: TIMER :: [0004] Injected Rarity in 0.013 ms
INFO - [G] 2025-04-12 21:57:06 :: INFO  :: TIMER :: [0004] Injected ObjectType in 0.051 ms
INFO - [G] 2025-04-12 21:57:06 :: INFO  :: TIMER :: [0066] Injected Center in 0.388 ms
INFO - [G] 2025-04-12 21:57:06 :: INFO  :: TIMER :: [0007] Injected Undiscovered Sprite in 0.056 ms
INFO - [G] 2025-04-12 21:57:06 :: INFO  :: TIMER :: [0002] Injected Blind in 0.009 ms
INFO - [G] 2025-04-12 21:57:06 :: INFO  :: TIMER :: [0004] Injected Seal in 0.076 ms
INFO - [G] 2025-04-12 21:57:06 :: INFO  :: TIMER :: [0004] Injected Suit in 0.081 ms
INFO - [G] 2025-04-12 21:57:06 :: INFO  :: TIMER :: [0013] Injected Rank in 0.098 ms
INFO - [G] 2025-04-12 21:57:06 :: INFO  :: TIMER :: [0028] Injected DeckSkin in 0.147 ms
INFO - [G] 2025-04-12 21:57:06 :: INFO  :: TIMER :: [0012] Injected PokerHand in 0.046 ms
INFO - [G] 2025-04-12 21:57:06 :: INFO  :: TIMER :: [0020] Injected Challenge in 0.025 ms
INFO - [G] 2025-04-12 21:57:06 :: INFO  :: TIMER :: [0000] Injected Tag in 0.001 ms
INFO - [G] 2025-04-12 21:57:06 :: INFO  :: TIMER :: [0004] Injected Sticker in 0.058 ms
INFO - [G] 2025-04-12 21:57:07 :: INFO  :: TIMER :: [0001] Injected Shader in 150.423 ms
INFO - [G] 2025-04-12 21:57:07 :: INFO  :: TIMER :: [0002] Injected Keybind in 0.023 ms
INFO - [G] 2025-04-12 21:57:07 :: INFO  :: TIMER :: [0000] Injected Achievement in 0.067 ms
INFO - [G] 2025-04-12 21:57:07 :: INFO  :: TIMER :: [0002] Injected nil in 0.042 ms
INFO - [G] 2025-04-12 21:57:07 :: INFO  :: TIMER :: [0022] Injected Draw Step in 0.254 ms
INFO - [G] 2025-04-12 21:57:07 :: INFO  :: TIMER :: [0000] Injected [INTERNAL] in 4.107 ms
INFO - [G] 2025-04-12 21:57:07 :: INFO  :: TIMER :: [0000] Injected AltTexture in 0.001 ms
INFO - [G] 2025-04-12 21:57:07 :: INFO  :: TIMER :: [0000] Injected Texture Pack in 0.008 ms
