INFO - [♥] Lovely 0.7.1
INFO - [♥] Game directory is at "C:\\Balatro.v1.0.1o\\Balatro"
INFO - [♥] Writing logs to "C:\\Users\\LENOVO LEGION\\AppData\\Roaming\\Balatro\\Mods\\lovely\\log"
INFO - [♥] Using mod directory at "C:\\Users\\LENOVO LEGION\\AppData\\Roaming\\Balatro\\Mods"
WARN - [♥] Unknown key `patches.17.?.match_indent` found in patch file at "C:\\Users\\LENOVO LEGION\\AppData\\Roaming\\Balatro\\Mods\\HandyBalatro\\lovely.toml", ignoring it
WARN - [♥] Unknown key `patches.17.?.overwrite` found in patch file at "C:\\Users\\LENOVO LEGION\\AppData\\Roaming\\Balatro\\Mods\\HandyBalatro\\lovely.toml", ignoring it
INFO - [♥] Cleaning up dumps directory at "C:\\Users\\LENOVO LEGION\\AppData\\Roaming\\Balatro\\Mods\\lovely\\dump"
INFO - [♥] Initialization complete in 453ms
INFO - [♥] Applied 20 patches to 'main.lua'
INFO - [♥] Applied 6 patches to 'engine/controller.lua'
INFO - [♥] Applied 15 patches to 'back.lua'
INFO - [♥] Applied 7 patches to 'tag.lua'
INFO - [♥] Applied 2 patches to 'engine/moveable.lua'
INFO - [♥] Applied 2 patches to 'engine/sprite.lua'
INFO - [♥] Applied 2 patches to 'engine/animatedsprite.lua'
INFO - [♥] Applied 47 patches to 'functions/misc_functions.lua'
INFO - [♥] Applied 38 patches to 'game.lua'
INFO - [♥] Applied 1 patch to 'globals.lua'
INFO - [♥] Applied 3 patches to 'engine/ui.lua'
INFO - [♥] Applied 75 patches to 'functions/UI_definitions.lua'
INFO - [♥] Applied 44 patches to 'functions/state_events.lua'
INFO - [♥] Applied 106 patches to 'functions/common_events.lua'
INFO - [♥] Applied 49 patches to 'functions/button_callbacks.lua'
WARN - [♥] Pattern '*then G.E_MANAGER:add_event(Event({ func = function() G.GAME.blind:set_blind(nil, true, nil); return true end })) end' on target 'card.lua' for pattern patch from smods-main\lovely\calculate_card_added.toml resulted in 2 matches, wanted 1
WARN - [♥] Ignoring excess matches
INFO - [♥] Applied 159 patches to 'card.lua'
INFO - [♥] Applied 11 patches to 'cardarea.lua'
INFO - [♥] Applied 36 patches to 'blind.lua'
INFO - [♥] Applied 2 patches to 'engine/text.lua'
INFO - [G] Failed to connect to the debug server
INFO - [G] 2025-04-12 17:55:23 :: DEBUG :: DebugConsole :: Steamodded Debug Socket started !
INFO - [G] 2025-04-12 17:55:23 :: INFO  :: SMODS :: Steamodded v1.0.0~BETA-0410b
INFO - [♥] Applied 9 patches to 'engine/sound_manager.lua'
INFO - [♥] Applied 1 patch to 'engine/save_manager.lua'
INFO - [G] 2025-04-12 17:55:25 :: INFO  :: Loader :: Valid JSON file found
INFO - [G] 2025-04-12 17:55:25 :: TRACE :: Loader :: Processing Mod file (Legacy header): steamodded.lua
INFO - [G] 2025-04-12 17:55:25 :: WARN  :: Loader :: Duplicate Mod ID: Handy
INFO - [G] 2025-04-12 17:55:25 :: TRACE :: Loader :: Processing Mod file (Legacy header): Nopeus.lua
INFO - [G] 2025-04-12 17:55:25 :: TRACE :: Loader :: Saving Mod Info: nopeus
INFO - [G] 2025-04-12 17:55:25 :: TRACE :: Loader :: Processing Mod file (Legacy header): main.lua
INFO - [G] 2025-04-12 17:55:25 :: TRACE :: Loader :: Saving Mod Info: balatro-safety
INFO - [G] 2025-04-12 17:55:25 :: INFO  :: TIMER :: [0000] Injected Language in 0.003 ms
INFO - [G] 2025-04-12 17:55:25 :: INFO  :: TIMER :: [0000] Injected [INTERNAL] in 15.693 ms
INFO - [G] 2025-04-12 17:55:25 :: INFO  :: TIMER :: [0003] Injected Atlas in 484.588 ms
INFO - [G] 2025-04-12 17:55:25 :: INFO  :: TIMER :: [0001] Injected Sound in 7.827 ms
INFO - [G] 2025-04-12 17:55:25 :: INFO  :: TIMER :: [0008] Injected Stake in 0.318 ms
INFO - [G] 2025-04-12 17:55:25 :: INFO  :: TIMER :: [0004] Injected Rarity in 0.020 ms
INFO - [G] 2025-04-12 17:55:25 :: INFO  :: TIMER :: [0004] Injected ObjectType in 0.031 ms
INFO - [G] 2025-04-12 17:55:25 :: INFO  :: TIMER :: [0049] Injected Center in 1.031 ms
INFO - [G] 2025-04-12 17:55:25 :: INFO  :: TIMER :: [0007] Injected Undiscovered Sprite in 0.012 ms
INFO - [G] 2025-04-12 17:55:25 :: INFO  :: TIMER :: [0002] Injected Blind in 0.014 ms
INFO - [G] 2025-04-12 17:55:25 :: INFO  :: TIMER :: [0004] Injected Seal in 0.187 ms
INFO - [G] 2025-04-12 17:55:25 :: INFO  :: TIMER :: [0004] Injected Suit in 0.164 ms
INFO - [G] 2025-04-12 17:55:25 :: INFO  :: TIMER :: [0013] Injected Rank in 0.311 ms
INFO - [G] 2025-04-12 17:55:25 :: INFO  :: TIMER :: [0028] Injected DeckSkin in 0.240 ms
INFO - [G] 2025-04-12 17:55:25 :: INFO  :: TIMER :: [0012] Injected PokerHand in 0.073 ms
INFO - [G] 2025-04-12 17:55:25 :: INFO  :: TIMER :: [0020] Injected Challenge in 0.023 ms
INFO - [G] 2025-04-12 17:55:25 :: INFO  :: TIMER :: [0000] Injected Tag in 0.001 ms
INFO - [G] 2025-04-12 17:55:25 :: INFO  :: TIMER :: [0004] Injected Sticker in 0.132 ms
INFO - [G] 2025-04-12 17:55:25 :: INFO  :: TIMER :: [0000] Injected Shader in 0.001 ms
INFO - [G] 2025-04-12 17:55:25 :: INFO  :: TIMER :: [0002] Injected Keybind in 0.010 ms
INFO - [G] 2025-04-12 17:55:25 :: INFO  :: TIMER :: [0000] Injected Achievement in 0.032 ms
INFO - [G] 2025-04-12 17:55:25 :: INFO  :: TIMER :: [0002] Injected nil in 0.026 ms
INFO - [G] 2025-04-12 17:55:25 :: INFO  :: TIMER :: [0021] Injected Draw Step in 0.576 ms
INFO - [G] 2025-04-12 17:55:25 :: INFO  :: TIMER :: [0000] Injected [INTERNAL] in 0.708 ms
INFO - [G] LONG DT @ 199: 0.098325000731814
INFO - [G] LONG DT @ 199: 0.080465460585454
INFO - [G] LONG DT @ 199: 0.065314588468359
INFO - [G] LONG DT @ 199: 0.053138130774691
