INFO - [♥] Lovely 0.7.1
INFO - [♥] Game directory is at "C:\\Balatro.v1.0.1o\\Balatro"
INFO - [♥] Writing logs to "C:\\Users\\LENOVO LEGION\\AppData\\Roaming\\Balatro\\Mods\\lovely\\log"
INFO - [♥] Using mod directory at "C:\\Users\\LENOVO LEGION\\AppData\\Roaming\\Balatro\\Mods"
INFO - [♥] Found .lovelyignore in 'DVPreview', skipping it.
INFO - [♥] Found .lovelyignore in 'DVSettings', skipping it.
INFO - [♥] Found .lovelyignore in 'DVSimulate', skipping it.
WARN - [♥] Unknown key `patches.17.?.match_indent` found in patch file at "C:\\Users\\LENOVO LEGION\\AppData\\Roaming\\Balatro\\Mods\\HandyBalatro\\lovely.toml", ignoring it
WARN - [♥] Unknown key `patches.17.?.overwrite` found in patch file at "C:\\Users\\LENOVO LEGION\\AppData\\Roaming\\Balatro\\Mods\\HandyBalatro\\lovely.toml", ignoring it
INFO - [♥] Cleaning up dumps directory at "C:\\Users\\LENOVO LEGION\\AppData\\Roaming\\Balatro\\Mods\\lovely\\dump"
INFO - [♥] Initialization complete in 63ms
INFO - [♥] Applied 20 patches to 'main.lua'
INFO - [♥] Applied 6 patches to 'engine/controller.lua'
INFO - [♥] Applied 15 patches to 'back.lua'
INFO - [♥] Applied 7 patches to 'tag.lua'
INFO - [♥] Applied 2 patches to 'engine/moveable.lua'
INFO - [♥] Applied 2 patches to 'engine/sprite.lua'
INFO - [♥] Applied 2 patches to 'engine/animatedsprite.lua'
INFO - [♥] Applied 47 patches to 'functions/misc_functions.lua'
INFO - [♥] Applied 38 patches to 'game.lua'
INFO - [♥] Applied 1 patch to 'globals.lua'
INFO - [♥] Applied 3 patches to 'engine/ui.lua'
INFO - [♥] Applied 75 patches to 'functions/UI_definitions.lua'
INFO - [♥] Applied 44 patches to 'functions/state_events.lua'
INFO - [♥] Applied 105 patches to 'functions/common_events.lua'
INFO - [♥] Applied 49 patches to 'functions/button_callbacks.lua'
WARN - [♥] Pattern '*then G.E_MANAGER:add_event(Event({ func = function() G.GAME.blind:set_blind(nil, true, nil); return true end })) end' on target 'card.lua' for pattern patch from smods-main\lovely\calculate_card_added.toml resulted in 2 matches, wanted 1
WARN - [♥] Ignoring excess matches
INFO - [♥] Applied 159 patches to 'card.lua'
INFO - [♥] Applied 9 patches to 'cardarea.lua'
INFO - [♥] Applied 36 patches to 'blind.lua'
INFO - [♥] Applied 2 patches to 'engine/text.lua'
INFO - [G] Failed to connect to the debug server
INFO - [G] 2025-04-12 14:14:34 :: DEBUG :: DebugConsole :: Steamodded Debug Socket started !
INFO - [G] 2025-04-12 14:14:34 :: INFO  :: SMODS :: Steamodded v1.0.0~BETA-0410b
INFO - [♥] Applied 9 patches to 'engine/sound_manager.lua'
INFO - [♥] Applied 1 patch to 'engine/save_manager.lua'
INFO - [G] 2025-04-12 14:14:36 :: INFO  :: Loader :: Valid JSON file found
INFO - [G] 2025-04-12 14:14:36 :: TRACE :: Loader :: Processing Mod file (Legacy header): steamodded.lua
INFO - [G] 2025-04-12 14:14:36 :: WARN  :: Loader :: Duplicate Mod ID: Handy
INFO - [G] 2025-04-12 14:14:36 :: INFO  :: TIMER :: [0000] Injected Language in 0.002 ms
INFO - [G] 2025-04-12 14:14:36 :: INFO  :: TIMER :: [0000] Injected [INTERNAL] in 1.296 ms
INFO - [G] 2025-04-12 14:14:37 :: INFO  :: TIMER :: [0003] Injected Atlas in 490.999 ms
INFO - [G] 2025-04-12 14:14:37 :: INFO  :: TIMER :: [0001] Injected Sound in 0.430 ms
INFO - [G] 2025-04-12 14:14:37 :: INFO  :: TIMER :: [0008] Injected Stake in 0.369 ms
INFO - [G] 2025-04-12 14:14:37 :: INFO  :: TIMER :: [0004] Injected Rarity in 0.028 ms
INFO - [G] 2025-04-12 14:14:37 :: INFO  :: TIMER :: [0004] Injected ObjectType in 0.040 ms
INFO - [G] 2025-04-12 14:14:37 :: INFO  :: TIMER :: [0049] Injected Center in 0.437 ms
INFO - [G] 2025-04-12 14:14:37 :: INFO  :: TIMER :: [0007] Injected Undiscovered Sprite in 0.011 ms
INFO - [G] 2025-04-12 14:14:37 :: INFO  :: TIMER :: [0002] Injected Blind in 0.015 ms
INFO - [G] 2025-04-12 14:14:37 :: INFO  :: TIMER :: [0004] Injected Seal in 0.200 ms
INFO - [G] 2025-04-12 14:14:37 :: INFO  :: TIMER :: [0004] Injected Suit in 0.175 ms
INFO - [G] 2025-04-12 14:14:37 :: INFO  :: TIMER :: [0013] Injected Rank in 0.102 ms
INFO - [G] 2025-04-12 14:14:37 :: INFO  :: TIMER :: [0028] Injected DeckSkin in 0.201 ms
INFO - [G] 2025-04-12 14:14:37 :: INFO  :: TIMER :: [0012] Injected PokerHand in 0.082 ms
INFO - [G] 2025-04-12 14:14:37 :: INFO  :: TIMER :: [0020] Injected Challenge in 0.087 ms
INFO - [G] 2025-04-12 14:14:37 :: INFO  :: TIMER :: [0000] Injected Tag in 0.001 ms
INFO - [G] 2025-04-12 14:14:37 :: INFO  :: TIMER :: [0004] Injected Sticker in 0.115 ms
INFO - [G] 2025-04-12 14:14:37 :: INFO  :: TIMER :: [0000] Injected Shader in 0.001 ms
INFO - [G] 2025-04-12 14:14:37 :: INFO  :: TIMER :: [0002] Injected Keybind in 0.008 ms
INFO - [G] 2025-04-12 14:14:37 :: INFO  :: TIMER :: [0000] Injected Achievement in 0.027 ms
INFO - [G] 2025-04-12 14:14:37 :: INFO  :: TIMER :: [0002] Injected nil in 0.007 ms
INFO - [G] 2025-04-12 14:14:37 :: INFO  :: TIMER :: [0021] Injected Draw Step in 0.270 ms
INFO - [G] 2025-04-12 14:14:37 :: INFO  :: TIMER :: [0000] Injected [INTERNAL] in 0.205 ms
