INFO - [♥] Lovely 0.7.1
INFO - [♥] Game directory is at "C:\\Balatro.v1.0.1o\\Balatro"
INFO - [♥] Writing logs to "C:\\Users\\LENOVO LEGION\\AppData\\Roaming\\Balatro\\Mods\\lovely\\log"
INFO - [♥] Using mod directory at "C:\\Users\\LENOVO LEGION\\AppData\\Roaming\\Balatro\\Mods"
WARN - [♥] Unknown key `patches.17.?.match_indent` found in patch file at "C:\\Users\\LENOVO LEGION\\AppData\\Roaming\\Balatro\\Mods\\HandyBalatro\\lovely.toml", ignoring it
WARN - [♥] Unknown key `patches.17.?.overwrite` found in patch file at "C:\\Users\\LENOVO LEGION\\AppData\\Roaming\\Balatro\\Mods\\HandyBalatro\\lovely.toml", ignoring it
INFO - [♥] Cleaning up dumps directory at "C:\\Users\\LENOVO LEGION\\AppData\\Roaming\\Balatro\\Mods\\lovely\\dump"
INFO - [♥] Initialization complete in 54ms
INFO - [♥] Applied 45 patches to 'main.lua'
WARN - [♥] Regex 'function Controller:update([\s\S]+?)^end' on target 'engine/controller.lua' for regex patch from jfmmm-MobileLikeDragging-2.0.1\lovely\controller.toml resulted in 4 matches, wanted 1
WARN - [♥] Ignoring excess matches
INFO - [♥] Applied 14 patches to 'engine/controller.lua'
INFO - [♥] Applied 15 patches to 'back.lua'
INFO - [♥] Applied 8 patches to 'tag.lua'
INFO - [♥] Applied 1 patch to 'engine/node.lua'
INFO - [♥] Applied 2 patches to 'engine/moveable.lua'
INFO - [♥] Applied 3 patches to 'engine/sprite.lua'
INFO - [♥] Applied 2 patches to 'engine/animatedsprite.lua'
INFO - [♥] Applied 48 patches to 'functions/misc_functions.lua'
INFO - [♥] Applied 39 patches to 'game.lua'
INFO - [♥] Applied 5 patches to 'globals.lua'
INFO - [♥] Applied 9 patches to 'engine/ui.lua'
INFO - [♥] Applied 82 patches to 'functions/UI_definitions.lua'
INFO - [♥] Applied 44 patches to 'functions/state_events.lua'
INFO - [♥] Applied 106 patches to 'functions/common_events.lua'
WARN - [♥] Pattern 'if G.pack_cards and (G.pack_cards.cards[1]) and' on target 'functions/button_callbacks.lua' for pattern patch from jfmmm-MobileLikeDragging-2.0.1\lovely\button_callbacks.toml resulted in no matches
INFO - [♥] Applied 55 patches to 'functions/button_callbacks.lua'
WARN - [♥] Pattern '*then G.E_MANAGER:add_event(Event({ func = function() G.GAME.blind:set_blind(nil, true, nil); return true end })) end' on target 'card.lua' for pattern patch from smods-main\lovely\calculate_card_added.toml resulted in 2 matches, wanted 1
WARN - [♥] Ignoring excess matches
INFO - [♥] Applied 166 patches to 'card.lua'
INFO - [♥] Applied 16 patches to 'cardarea.lua'
INFO - [♥] Applied 36 patches to 'blind.lua'
INFO - [♥] Applied 2 patches to 'engine/text.lua'
INFO - [G] Failed to connect to the debug server
INFO - [G] 2025-04-12 18:52:36 :: DEBUG :: DebugConsole :: Steamodded Debug Socket started !
INFO - [G] 2025-04-12 18:52:36 :: INFO  :: SMODS :: Steamodded v1.0.0~BETA-0410b
INFO - [♥] Applied 9 patches to 'engine/sound_manager.lua'
INFO - [♥] Applied 1 patch to 'engine/save_manager.lua'
INFO - [G] 2025-04-12 18:52:38 :: INFO  :: Loader :: Valid JSON file found
INFO - [G] 2025-04-12 18:52:38 :: TRACE :: Loader :: Processing Mod file (Legacy header): steamodded.lua
INFO - [G] 2025-04-12 18:52:38 :: WARN  :: Loader :: Duplicate Mod ID: Handy
INFO - [G] 2025-04-12 18:52:38 :: TRACE :: Loader :: Processing Mod file (Legacy header): Nopeus.lua
INFO - [G] 2025-04-12 18:52:38 :: TRACE :: Loader :: Saving Mod Info: nopeus
INFO - [G] 2025-04-12 18:52:38 :: INFO  :: Loader :: Valid JSON file found
INFO - [G] 2025-04-12 18:52:38 :: TRACE :: Loader :: Processing Mod file (Legacy header): main.lua
INFO - [G] 2025-04-12 18:52:38 :: TRACE :: Loader :: Saving Mod Info: balatro-safety
INFO - [G] 2025-04-12 18:52:38 :: ERROR :: Loader :: Found invalid metadata JSON file at C:\Users\LENOVO LEGION\AppData\Roaming\Balatro\Mods/jfmmm-MobileLikeDragging-2.0.1/manifest.json, ignoring: [SMODS _ "src/loader.lua"]:226: id
INFO - [G] 2025-04-12 18:52:38 :: INFO  :: TIMER :: [0000] Injected Language in 0.001 ms
INFO - [G] 2025-04-12 18:52:38 :: INFO  :: TIMER :: [0000] Injected [INTERNAL] in 1.273 ms
INFO - [G] 2025-04-12 18:52:38 :: INFO  :: TIMER :: [0004] Injected Atlas in 425.260 ms
INFO - [G] 2025-04-12 18:52:38 :: INFO  :: TIMER :: [0001] Injected Sound in 1.646 ms
INFO - [G] 2025-04-12 18:52:38 :: INFO  :: TIMER :: [0008] Injected Stake in 0.639 ms
INFO - [G] 2025-04-12 18:52:38 :: INFO  :: TIMER :: [0004] Injected Rarity in 0.021 ms
INFO - [G] 2025-04-12 18:52:38 :: INFO  :: TIMER :: [0004] Injected ObjectType in 0.092 ms
INFO - [G] 2025-04-12 18:52:38 :: INFO  :: TIMER :: [0049] Injected Center in 0.754 ms
INFO - [G] 2025-04-12 18:52:38 :: INFO  :: TIMER :: [0007] Injected Undiscovered Sprite in 0.246 ms
INFO - [G] 2025-04-12 18:52:38 :: INFO  :: TIMER :: [0002] Injected Blind in 0.048 ms
INFO - [G] 2025-04-12 18:52:38 :: INFO  :: TIMER :: [0004] Injected Seal in 0.666 ms
INFO - [G] 2025-04-12 18:52:38 :: INFO  :: TIMER :: [0004] Injected Suit in 0.604 ms
INFO - [G] 2025-04-12 18:52:38 :: INFO  :: TIMER :: [0013] Injected Rank in 0.374 ms
INFO - [G] 2025-04-12 18:52:39 :: INFO  :: TIMER :: [0028] Injected DeckSkin in 0.697 ms
INFO - [G] 2025-04-12 18:52:39 :: INFO  :: TIMER :: [0012] Injected PokerHand in 0.377 ms
INFO - [G] 2025-04-12 18:52:39 :: INFO  :: TIMER :: [0020] Injected Challenge in 0.072 ms
INFO - [G] 2025-04-12 18:52:39 :: INFO  :: TIMER :: [0000] Injected Tag in 0.011 ms
INFO - [G] 2025-04-12 18:52:39 :: INFO  :: TIMER :: [0004] Injected Sticker in 0.611 ms
INFO - [G] 2025-04-12 18:52:39 :: INFO  :: TIMER :: [0000] Injected Shader in 0.005 ms
INFO - [G] 2025-04-12 18:52:39 :: INFO  :: TIMER :: [0002] Injected Keybind in 0.039 ms
INFO - [G] 2025-04-12 18:52:39 :: INFO  :: TIMER :: [0000] Injected Achievement in 0.276 ms
INFO - [G] 2025-04-12 18:52:39 :: INFO  :: TIMER :: [0002] Injected nil in 0.037 ms
INFO - [G] 2025-04-12 18:52:39 :: INFO  :: TIMER :: [0021] Injected Draw Step in 0.305 ms
INFO - [G] 2025-04-12 18:52:39 :: INFO  :: TIMER :: [0000] Injected [INTERNAL] in 1.415 ms
INFO - [G] ERROR LOADING GAME: Card area 'shop_booster' not instantiated before load
INFO - [G] ERROR LOADING GAME: Card area 'shop_vouchers' not instantiated before load
INFO - [G] ERROR LOADING GAME: Card area 'shop_jokers' not instantiated before load
INFO - [G] LONG DT @ 1032: 0.1
INFO - [G] LONG DT @ 1032: 0.084975300000024
INFO - [G] LONG DT @ 1032: 0.070837039999991
INFO - [G] LONG DT @ 1032: 0.064332231999996
INFO - [G] LONG DT @ 1033: 0.055250625599977
INFO - [G] LONG DT @ 1141: 0.1
INFO - [G] LONG DT @ 1141: 0.086556580000051
INFO - [G] LONG DT @ 1141: 0.073554284000023
INFO - [G] LONG DT @ 1141: 0.062473387199963
INFO - [G] LONG DT @ 1141: 0.053858169759977
