INFO - [♥] Lovely 0.7.1
INFO - [♥] Game directory is at "C:\\Balatro.v1.0.1o\\Balatro"
INFO - [♥] Writing logs to "C:\\Users\\LENOVO LEGION\\AppData\\Roaming\\Balatro\\Mods\\lovely\\log"
INFO - [♥] Using mod directory at "C:\\Users\\LENOVO LEGION\\AppData\\Roaming\\Balatro\\Mods"
WARN - [♥] Unknown key `patches.17.?.match_indent` found in patch file at "C:\\Users\\LENOVO LEGION\\AppData\\Roaming\\Balatro\\Mods\\HandyBalatro\\lovely.toml", ignoring it
WARN - [♥] Unknown key `patches.17.?.overwrite` found in patch file at "C:\\Users\\LENOVO LEGION\\AppData\\Roaming\\Balatro\\Mods\\HandyBalatro\\lovely.toml", ignoring it
WARN - [♥] Unknown key `patches.10.?.match_indent` found in patch file at "C:\\Users\\LENOVO LEGION\\AppData\\Roaming\\Balatro\\Mods\\Saturn-main\\lovely\\rem_anim.toml", ignoring it
WARN - [♥] Unknown key `patches.10.?.overwrite` found in patch file at "C:\\Users\\LENOVO LEGION\\AppData\\Roaming\\Balatro\\Mods\\Saturn-main\\lovely\\rem_anim.toml", ignoring it
INFO - [♥] Cleaning up dumps directory at "C:\\Users\\LENOVO LEGION\\AppData\\Roaming\\Balatro\\Mods\\lovely\\dump"
INFO - [♥] Initialization complete in 64ms
INFO - [♥] Applied 50 patches to 'main.lua'
WARN - [♥] Regex 'function Controller:update([\s\S]+?)^end' on target 'engine/controller.lua' for regex patch from jfmmm-MobileLikeDragging-2.0.1\lovely\controller.toml resulted in 4 matches, wanted 1
WARN - [♥] Ignoring excess matches
INFO - [♥] Applied 15 patches to 'engine/controller.lua'
INFO - [♥] Applied 15 patches to 'back.lua'
INFO - [♥] Applied 8 patches to 'tag.lua'
INFO - [♥] Applied 1 patch to 'engine/node.lua'
INFO - [♥] Applied 2 patches to 'engine/moveable.lua'
INFO - [♥] Applied 3 patches to 'engine/sprite.lua'
INFO - [♥] Applied 2 patches to 'engine/animatedsprite.lua'
INFO - [♥] Applied 48 patches to 'functions/misc_functions.lua'
INFO - [♥] Applied 41 patches to 'game.lua'
INFO - [♥] Applied 5 patches to 'globals.lua'
INFO - [♥] Applied 9 patches to 'engine/ui.lua'
INFO - [♥] Applied 86 patches to 'functions/UI_definitions.lua'
WARN - [♥] Pattern 'if effects[ii].card then' on target 'functions/state_events.lua' for pattern patch from Saturn-main\lovely\rem_anim.toml resulted in no matches
INFO - [♥] Applied 44 patches to 'functions/state_events.lua'
WARN - [♥] Pattern 'func = (function() if eval_func(card) then if not first or first then card:juice_up(0.1, 0.1) end;juice_card_until(card, eval_func, nil, 0.8) end return true end)' on target 'functions/common_events.lua' for pattern patch from Saturn-main\lovely\rem_anim.toml resulted in no matches
WARN - [♥] Pattern 'func = (function() if eval_func(card) then if not first or first then card:juice_up(0.1, 0.1) end;juice_card_until(card, eval_func, nil, 0.8) end return true end)' on target 'functions/common_events.lua' for pattern patch from Saturn-main\lovely\rem_anim.toml resulted in no matches
INFO - [♥] Applied 110 patches to 'functions/common_events.lua'
WARN - [♥] Pattern 'if G.pack_cards and (G.pack_cards.cards[1]) and' on target 'functions/button_callbacks.lua' for pattern patch from jfmmm-MobileLikeDragging-2.0.1\lovely\button_callbacks.toml resulted in no matches
INFO - [♥] Applied 55 patches to 'functions/button_callbacks.lua'
WARN - [♥] Pattern '*then G.E_MANAGER:add_event(Event({ func = function() G.GAME.blind:set_blind(nil, true, nil); return true end })) end' on target 'card.lua' for pattern patch from smods-main\lovely\calculate_card_added.toml resulted in 2 matches, wanted 1
WARN - [♥] Ignoring excess matches
WARN - [♥] Pattern 'if G.GAME.blind then G.E_MANAGER:add_event(Event({ func = function() G.GAME.blind:set_blind(nil, true, nil); return true end })) end' on target 'card.lua' for pattern patch from Saturn-main\lovely\rem_anim.toml resulted in no matches
WARN - [♥] Pattern 'Xmult_mod = G.P_CENTERS.v_observatory.config.extra' on target 'card.lua' for pattern patch from Saturn-main\lovely\stack.toml resulted in no matches
WARN - [♥] Pattern 'message = localize{type = \'variable\', key = \'a_xmult\', vars = {G.P_CENTERS.v_observatory.config.extra}},' on target 'card.lua' for pattern patch from Saturn-main\lovely\stack.toml resulted in no matches
INFO - [♥] Applied 171 patches to 'card.lua'
INFO - [♥] Applied 16 patches to 'cardarea.lua'
INFO - [♥] Applied 36 patches to 'blind.lua'
INFO - [♥] Applied 2 patches to 'engine/text.lua'
INFO - [♥] Applied 1 patch to '=[SMODS _ "src/utils.lua"]'
INFO - [♥] Applied 1 patch to '=[SMODS _ "src/overrides.lua"]'
WARN - [♥] Pattern 'x_mult = card.ability.extra' on target '=[SMODS _ "src/game_object.lua"]' for pattern patch from Saturn-main\lovely\stack.toml resulted in no matches
INFO - [♥] Applied 0 patches to '=[SMODS _ "src/game_object.lua"]'
INFO - [G] Failed to connect to the debug server
INFO - [G] 2025-04-12 21:38:40 :: DEBUG :: DebugConsole :: Steamodded Debug Socket started !
INFO - [G] 2025-04-12 21:38:40 :: INFO  :: SMODS :: Steamodded v1.0.0~BETA-0410b
INFO - [G] [Blueprint] Starting to load config
INFO - [G] [Blueprint] Reading config file: 
INFO - [G] [Blueprint] return { 
  ["INTERNAL_debug"] = false,
  ["brainstorm"] = true,
  ["blueprint"] = true,
}
INFO - [♥] Applied 9 patches to 'engine/sound_manager.lua'
INFO - [♥] Applied 1 patch to 'engine/save_manager.lua'
INFO - [G] Loaded all Blueprint mod shaders successfully
INFO - [G] 2025-04-12 21:38:42 :: TRACE :: Loader :: Processing Mod file (Legacy header): mod.lua
INFO - [G] 2025-04-12 21:38:42 :: TRACE :: Loader :: Saving Mod Info: blueprint
INFO - [G] 2025-04-12 21:38:42 :: INFO  :: Loader :: Valid JSON file found
INFO - [G] 2025-04-12 21:38:42 :: TRACE :: Loader :: Processing Mod file (Legacy header): steamodded.lua
INFO - [G] 2025-04-12 21:38:42 :: WARN  :: Loader :: Duplicate Mod ID: Handy
INFO - [G] 2025-04-12 21:38:42 :: TRACE :: Loader :: Processing Mod file (Legacy header): RunReviewer.lua
INFO - [G] 2025-04-12 21:38:42 :: TRACE :: Loader :: Saving Mod Info: RunReviewer
INFO - [G] 2025-04-12 21:38:42 :: TRACE :: Loader :: Processing Mod file (Legacy header): Nopeus.lua
INFO - [G] 2025-04-12 21:38:42 :: TRACE :: Loader :: Saving Mod Info: nopeus
INFO - [G] 2025-04-12 21:38:42 :: INFO  :: Loader :: Valid JSON file found
INFO - [G] 2025-04-12 21:38:42 :: INFO  :: Loader :: Valid JSON file found
INFO - [G] 2025-04-12 21:38:42 :: TRACE :: Loader :: Processing Mod file (Legacy header): main.lua
INFO - [G] 2025-04-12 21:38:42 :: TRACE :: Loader :: Saving Mod Info: balatro-safety
INFO - [G] 2025-04-12 21:38:42 :: TRACE :: Loader :: Processing Mod file (Legacy header): main.lua
INFO - [G] 2025-04-12 21:38:42 :: TRACE :: Loader :: Saving Mod Info: deselect-all
INFO - [G] 2025-04-12 21:38:42 :: ERROR :: Loader :: Found invalid metadata JSON file at C:\Users\LENOVO LEGION\AppData\Roaming\Balatro\Mods/jfmmm-MobileLikeDragging-2.0.1/manifest.json, ignoring: [SMODS _ "src/loader.lua"]:226: id
INFO - [G] 2025-04-12 21:38:42 :: ERROR :: Loader :: Found invalid metadata JSON file at C:\Users\LENOVO LEGION\AppData\Roaming\Balatro\Mods/jimbos_metrics-master/.luarc.json, ignoring: [SMODS _ "src/loader.lua"]:226: id
INFO - [G] 2025-04-12 21:38:42 :: INFO  :: Loader :: Valid JSON file found
INFO - [G] 2025-04-12 21:38:42 :: INFO  :: Loader :: Valid JSON file found
INFO - [G] 2025-04-12 21:38:42 :: INFO  :: TIMER :: [0000] Injected Language in 0.001 ms
INFO - [G] 2025-04-12 21:38:42 :: INFO  :: TIMER :: [0000] Injected [INTERNAL] in 0.903 ms
INFO - [G] 2025-04-12 21:38:42 :: INFO  :: TIMER :: [0005] Injected Atlas in 608.230 ms
INFO - [G] 2025-04-12 21:38:42 :: INFO  :: TIMER :: [0001] Injected Sound in 0.483 ms
INFO - [G] 2025-04-12 21:38:42 :: INFO  :: TIMER :: [0008] Injected Stake in 0.270 ms
INFO - [G] 2025-04-12 21:38:42 :: INFO  :: TIMER :: [0004] Injected Rarity in 0.020 ms
INFO - [G] 2025-04-12 21:38:42 :: INFO  :: TIMER :: [0004] Injected ObjectType in 0.033 ms
INFO - [G] 2025-04-12 21:38:42 :: INFO  :: TIMER :: [0050] Injected Center in 0.611 ms
INFO - [G] 2025-04-12 21:38:42 :: INFO  :: TIMER :: [0007] Injected Undiscovered Sprite in 0.132 ms
INFO - [G] 2025-04-12 21:38:42 :: INFO  :: TIMER :: [0002] Injected Blind in 0.032 ms
INFO - [G] 2025-04-12 21:38:42 :: INFO  :: TIMER :: [0004] Injected Seal in 0.266 ms
INFO - [G] 2025-04-12 21:38:42 :: INFO  :: TIMER :: [0004] Injected Suit in 0.255 ms
INFO - [G] 2025-04-12 21:38:42 :: INFO  :: TIMER :: [0013] Injected Rank in 0.333 ms
INFO - [G] 2025-04-12 21:38:42 :: INFO  :: TIMER :: [0028] Injected DeckSkin in 0.228 ms
INFO - [G] 2025-04-12 21:38:42 :: INFO  :: TIMER :: [0012] Injected PokerHand in 0.063 ms
INFO - [G] 2025-04-12 21:38:42 :: INFO  :: TIMER :: [0020] Injected Challenge in 0.150 ms
INFO - [G] 2025-04-12 21:38:42 :: INFO  :: TIMER :: [0000] Injected Tag in 0.002 ms
INFO - [G] 2025-04-12 21:38:42 :: INFO  :: TIMER :: [0004] Injected Sticker in 0.180 ms
INFO - [G] 2025-04-12 21:38:42 :: INFO  :: TIMER :: [0000] Injected Shader in 0.004 ms
INFO - [G] 2025-04-12 21:38:43 :: INFO  :: TIMER :: [0002] Injected Keybind in 0.028 ms
INFO - [G] 2025-04-12 21:38:43 :: INFO  :: TIMER :: [0000] Injected Achievement in 0.241 ms
INFO - [G] 2025-04-12 21:38:43 :: INFO  :: TIMER :: [0002] Injected nil in 0.026 ms
INFO - [G] 2025-04-12 21:38:43 :: INFO  :: TIMER :: [0022] Injected Draw Step in 0.226 ms
INFO - [G] 2025-04-12 21:38:43 :: INFO  :: TIMER :: [0000] Injected [INTERNAL] in 3.222 ms
