INFO - [♥] Lovely 0.7.1
INFO - [♥] Game directory is at "C:\\Balatro.v1.0.1o\\Balatro"
INFO - [♥] Writing logs to "C:\\Users\\LENOVO LEGION\\AppData\\Roaming\\Balatro\\Mods\\lovely\\log"
INFO - [♥] Using mod directory at "C:\\Users\\LENOVO LEGION\\AppData\\Roaming\\Balatro\\Mods"
INFO - [♥] Found .lovelyignore in 'DVPreview', skipping it.
INFO - [♥] Found .lovelyignore in 'DVSettings', skipping it.
INFO - [♥] Found .lovelyignore in 'DVSimulate', skipping it.
INFO - [♥] Cleaning up dumps directory at "C:\\Users\\LENOVO LEGION\\AppData\\Roaming\\Balatro\\Mods\\lovely\\dump"
INFO - [♥] Initialization complete in 56ms
INFO - [♥] Applied 14 patches to 'main.lua'
INFO - [♥] Applied 5 patches to 'engine/controller.lua'
INFO - [♥] Applied 15 patches to 'back.lua'
INFO - [♥] Applied 7 patches to 'tag.lua'
INFO - [♥] Applied 2 patches to 'engine/moveable.lua'
INFO - [♥] Applied 2 patches to 'engine/sprite.lua'
INFO - [♥] Applied 2 patches to 'engine/animatedsprite.lua'
INFO - [♥] Applied 47 patches to 'functions/misc_functions.lua'
INFO - [♥] Applied 33 patches to 'game.lua'
INFO - [♥] Applied 1 patch to 'globals.lua'
INFO - [♥] Applied 3 patches to 'engine/ui.lua'
INFO - [♥] Applied 73 patches to 'functions/UI_definitions.lua'
INFO - [♥] Applied 44 patches to 'functions/state_events.lua'
INFO - [♥] Applied 105 patches to 'functions/common_events.lua'
INFO - [♥] Applied 46 patches to 'functions/button_callbacks.lua'
WARN - [♥] Pattern '*then G.E_MANAGER:add_event(Event({ func = function() G.GAME.blind:set_blind(nil, true, nil); return true end })) end' on target 'card.lua' for pattern patch from smods-main\lovely\calculate_card_added.toml resulted in 2 matches, wanted 1
WARN - [♥] Ignoring excess matches
INFO - [♥] Applied 156 patches to 'card.lua'
INFO - [♥] Applied 9 patches to 'cardarea.lua'
INFO - [♥] Applied 36 patches to 'blind.lua'
INFO - [♥] Applied 2 patches to 'engine/text.lua'
INFO - [G] Failed to connect to the debug server
INFO - [G] 2025-04-12 14:03:52 :: DEBUG :: DebugConsole :: Steamodded Debug Socket started !
INFO - [G] 2025-04-12 14:03:52 :: INFO  :: SMODS :: Steamodded v1.0.0~BETA-0410b
INFO - [♥] Applied 9 patches to 'engine/sound_manager.lua'
INFO - [♥] Applied 1 patch to 'engine/save_manager.lua'
INFO - [G] 2025-04-12 14:03:54 :: INFO  :: TIMER :: [0000] Injected Language in 0.003 ms
INFO - [G] 2025-04-12 14:03:54 :: INFO  :: TIMER :: [0000] Injected [INTERNAL] in 0.809 ms
INFO - [G] 2025-04-12 14:03:54 :: INFO  :: TIMER :: [0002] Injected Atlas in 477.619 ms
INFO - [G] 2025-04-12 14:03:54 :: INFO  :: TIMER :: [0001] Injected Sound in 0.273 ms
INFO - [G] 2025-04-12 14:03:54 :: INFO  :: TIMER :: [0008] Injected Stake in 0.233 ms
INFO - [G] 2025-04-12 14:03:54 :: INFO  :: TIMER :: [0004] Injected Rarity in 0.029 ms
INFO - [G] 2025-04-12 14:03:54 :: INFO  :: TIMER :: [0004] Injected ObjectType in 0.028 ms
INFO - [G] 2025-04-12 14:03:54 :: INFO  :: TIMER :: [0049] Injected Center in 1.066 ms
INFO - [G] 2025-04-12 14:03:54 :: INFO  :: TIMER :: [0007] Injected Undiscovered Sprite in 0.144 ms
INFO - [G] 2025-04-12 14:03:54 :: INFO  :: TIMER :: [0002] Injected Blind in 0.032 ms
INFO - [G] 2025-04-12 14:03:54 :: INFO  :: TIMER :: [0004] Injected Seal in 0.261 ms
INFO - [G] 2025-04-12 14:03:54 :: INFO  :: TIMER :: [0004] Injected Suit in 0.138 ms
INFO - [G] 2025-04-12 14:03:54 :: INFO  :: TIMER :: [0013] Injected Rank in 0.203 ms
INFO - [G] 2025-04-12 14:03:54 :: INFO  :: TIMER :: [0028] Injected DeckSkin in 0.624 ms
INFO - [G] 2025-04-12 14:03:54 :: INFO  :: TIMER :: [0012] Injected PokerHand in 0.143 ms
INFO - [G] 2025-04-12 14:03:54 :: INFO  :: TIMER :: [0020] Injected Challenge in 0.049 ms
INFO - [G] 2025-04-12 14:03:54 :: INFO  :: TIMER :: [0000] Injected Tag in 0.004 ms
INFO - [G] 2025-04-12 14:03:54 :: INFO  :: TIMER :: [0004] Injected Sticker in 0.182 ms
INFO - [G] 2025-04-12 14:03:54 :: INFO  :: TIMER :: [0000] Injected Shader in 0.003 ms
INFO - [G] 2025-04-12 14:03:54 :: INFO  :: TIMER :: [0002] Injected Keybind in 0.030 ms
INFO - [G] 2025-04-12 14:03:55 :: INFO  :: TIMER :: [0000] Injected Achievement in 0.030 ms
INFO - [G] 2025-04-12 14:03:55 :: INFO  :: TIMER :: [0002] Injected nil in 0.026 ms
INFO - [G] 2025-04-12 14:03:55 :: INFO  :: TIMER :: [0021] Injected Draw Step in 0.159 ms
INFO - [G] 2025-04-12 14:03:55 :: INFO  :: TIMER :: [0000] Injected [INTERNAL] in 0.009 ms
